[0.042s] Invoking command in '/home/bluelule/ugv_project/ros2_ws/build/zed_components': CMAKE_PREFIX_PATH=${CMAKE_PREFIX_PATH}:/opt/ros/humble /usr/bin/cmake /home/bluelule/ugv_project/ros2_ws/src/third_party/zed-ros2-wrapper/zed_components -DAMENT_CMAKE_SYMLINK_INSTALL=1 -DCMAKE_INSTALL_PREFIX=/home/bluelule/ugv_project/ros2_ws/install/zed_components
[0.167s] -- Found CUDA: /usr/local/cuda-12.6 (found suitable version "12.6", minimum required is "12.6") 
[0.220s] -- Found CUDA: /usr/local/cuda-12.6 (found version "12.6") 
[0.221s] -- Found ament_cmake_auto: 1.3.12 (/opt/ros/humble/share/ament_cmake_auto/cmake)
[0.492s] -- Override CMake install command with custom implementation using symlinks instead of copying resources
[0.731s] -- Found rosidl_generator_c: 3.1.8 (/opt/ros/humble/share/rosidl_generator_c/cmake)
[0.737s] -- Found rosidl_adapter: 3.1.8 (/opt/ros/humble/share/rosidl_adapter/cmake)
[0.751s] -- Found rosidl_generator_cpp: 3.1.8 (/opt/ros/humble/share/rosidl_generator_cpp/cmake)
[0.773s] -- Using all available rosidl_typesupport_c: rosidl_typesupport_fastrtps_c;rosidl_typesupport_introspection_c
[0.798s] -- Using all available rosidl_typesupport_cpp: rosidl_typesupport_fastrtps_cpp;rosidl_typesupport_introspection_cpp
[0.957s] -- Found rmw_implementation_cmake: 6.1.2 (/opt/ros/humble/share/rmw_implementation_cmake/cmake)
[0.961s] -- Found rmw_fastrtps_cpp: 6.2.9 (/opt/ros/humble/share/rmw_fastrtps_cpp/cmake)
[1.139s] -- Using RMW implementation 'rmw_fastrtps_cpp' as default
[1.508s] -- Found eigen3_cmake_module: 0.1.1 (/opt/ros/humble/share/eigen3_cmake_module/cmake)
[1.511s] -- Ensuring Eigen3 include directory is part of orocos-kdl CMake target
[1.703s] -- Found ament_lint_auto: 0.12.14 (/opt/ros/humble/share/ament_lint_auto/cmake)
[1.758s] -- Added test 'copyright' to check source files copyright and LICENSE
[1.762s] -- Added test 'cppcheck' to perform static code analysis on C / C++ code
[1.763s] -- Configured cppcheck include dirs: /home/bluelule/ugv_project/ros2_ws/src/third_party/zed-ros2-wrapper/zed_components/src/include;/home/bluelule/ugv_project/ros2_ws/src/third_party/zed-ros2-wrapper/zed_components/src/zed_camera/include;/home/bluelule/ugv_project/ros2_ws/src/third_party/zed-ros2-wrapper/zed_components/src/tools/include;/home/bluelule/ugv_project/ros2_ws/src/third_party/zed-ros2-wrapper/zed_components/src/zed_camera_one/include
[1.764s] -- Configured cppcheck exclude dirs and/or files: 
[1.764s] -- Added test 'lint_cmake' to check CMake code style
[1.769s] -- Added test 'uncrustify' to check C / C++ code style
[1.769s] -- Configured uncrustify additional arguments: 
[1.770s] -- Added test 'xmllint' to check XML markup files
[1.777s] -- Configuring done
[1.849s] -- Generating done
[1.869s] -- Build files have been written to: /home/bluelule/ugv_project/ros2_ws/build/zed_components
[1.906s] Invoked command in '/home/bluelule/ugv_project/ros2_ws/build/zed_components' returned '0': CMAKE_PREFIX_PATH=${CMAKE_PREFIX_PATH}:/opt/ros/humble /usr/bin/cmake /home/bluelule/ugv_project/ros2_ws/src/third_party/zed-ros2-wrapper/zed_components -DAMENT_CMAKE_SYMLINK_INSTALL=1 -DCMAKE_INSTALL_PREFIX=/home/bluelule/ugv_project/ros2_ws/install/zed_components
[1.912s] Invoking command in '/home/bluelule/ugv_project/ros2_ws/build/zed_components': CMAKE_PREFIX_PATH=${CMAKE_PREFIX_PATH}:/opt/ros/humble /usr/bin/cmake --build /home/bluelule/ugv_project/ros2_ws/build/zed_components -- -j6 -l6
[2.024s] [35m[1mConsolidate compiler generated dependencies of target zed_camera_one_component[0m
[2.025s] [35m[1mConsolidate compiler generated dependencies of target zed_camera_component[0m
[2.104s] [ 47%] Built target zed_camera_one_component
[2.105s] [100%] Built target zed_camera_component
[2.132s] Invoked command in '/home/bluelule/ugv_project/ros2_ws/build/zed_components' returned '0': CMAKE_PREFIX_PATH=${CMAKE_PREFIX_PATH}:/opt/ros/humble /usr/bin/cmake --build /home/bluelule/ugv_project/ros2_ws/build/zed_components -- -j6 -l6
[2.155s] Invoking command in '/home/bluelule/ugv_project/ros2_ws/build/zed_components': CMAKE_PREFIX_PATH=${CMAKE_PREFIX_PATH}:/opt/ros/humble /usr/bin/cmake --install /home/bluelule/ugv_project/ros2_ws/build/zed_components
[2.176s] -- Install configuration: "Release"
[2.177s] -- Execute custom install script
[2.177s] -- Up-to-date symlink: /home/bluelule/ugv_project/ros2_ws/install/zed_components/lib/libzed_camera_component.so
[2.178s] -- Up-to-date symlink: /home/bluelule/ugv_project/ros2_ws/install/zed_components/lib/libzed_camera_one_component.so
[2.178s] -- Up-to-date symlink: /home/bluelule/ugv_project/ros2_ws/install/zed_components/include/zed_components//cost_traversability.hpp
[2.179s] -- Up-to-date symlink: /home/bluelule/ugv_project/ros2_ws/install/zed_components/include/zed_components//zed_camera_component.hpp
[2.179s] -- Up-to-date symlink: /home/bluelule/ugv_project/ros2_ws/install/zed_components/include/zed_components//gnss_replay.hpp
[2.179s] -- Up-to-date symlink: /home/bluelule/ugv_project/ros2_ws/install/zed_components/include/zed_components//json.hpp
[2.180s] -- Up-to-date symlink: /home/bluelule/ugv_project/ros2_ws/install/zed_components/include/zed_components//sl_logging.hpp
[2.180s] -- Up-to-date symlink: /home/bluelule/ugv_project/ros2_ws/install/zed_components/include/zed_components//sl_tools.hpp
[2.180s] -- Up-to-date symlink: /home/bluelule/ugv_project/ros2_ws/install/zed_components/include/zed_components//sl_types.hpp
[2.180s] -- Up-to-date symlink: /home/bluelule/ugv_project/ros2_ws/install/zed_components/include/zed_components//sl_win_avg.hpp
[2.181s] -- Up-to-date symlink: /home/bluelule/ugv_project/ros2_ws/install/zed_components/include/zed_components//sl_version.hpp
[2.181s] -- Up-to-date symlink: /home/bluelule/ugv_project/ros2_ws/install/zed_components/include/zed_components//visibility_control.hpp
[2.182s] -- Up-to-date symlink: /home/bluelule/ugv_project/ros2_ws/install/zed_components/share/zed_components/environment/library_path.sh
[2.182s] -- Up-to-date symlink: /home/bluelule/ugv_project/ros2_ws/install/zed_components/share/zed_components/environment/library_path.dsv
[2.182s] -- Up-to-date symlink: /home/bluelule/ugv_project/ros2_ws/install/zed_components/share/ament_index/resource_index/package_run_dependencies/zed_components
[2.183s] -- Up-to-date symlink: /home/bluelule/ugv_project/ros2_ws/install/zed_components/share/ament_index/resource_index/parent_prefix_path/zed_components
[2.183s] -- Up-to-date symlink: /home/bluelule/ugv_project/ros2_ws/install/zed_components/share/zed_components/environment/ament_prefix_path.sh
[2.183s] -- Up-to-date symlink: /home/bluelule/ugv_project/ros2_ws/install/zed_components/share/zed_components/environment/ament_prefix_path.dsv
[2.185s] -- Up-to-date symlink: /home/bluelule/ugv_project/ros2_ws/install/zed_components/share/zed_components/environment/path.sh
[2.185s] -- Up-to-date symlink: /home/bluelule/ugv_project/ros2_ws/install/zed_components/share/zed_components/environment/path.dsv
[2.185s] -- Up-to-date symlink: /home/bluelule/ugv_project/ros2_ws/install/zed_components/share/zed_components/local_setup.bash
[2.185s] -- Up-to-date symlink: /home/bluelule/ugv_project/ros2_ws/install/zed_components/share/zed_components/local_setup.sh
[2.185s] -- Up-to-date symlink: /home/bluelule/ugv_project/ros2_ws/install/zed_components/share/zed_components/local_setup.zsh
[2.186s] -- Up-to-date symlink: /home/bluelule/ugv_project/ros2_ws/install/zed_components/share/zed_components/local_setup.dsv
[2.186s] -- Symlinking: /home/bluelule/ugv_project/ros2_ws/install/zed_components/share/zed_components/package.dsv
[2.205s] -- Up-to-date symlink: /home/bluelule/ugv_project/ros2_ws/install/zed_components/share/ament_index/resource_index/packages/zed_components
[2.205s] -- Up-to-date symlink: /home/bluelule/ugv_project/ros2_ws/install/zed_components/share/ament_index/resource_index/rclcpp_components/zed_components
[2.206s] -- Up-to-date symlink: /home/bluelule/ugv_project/ros2_ws/install/zed_components/share/zed_components/cmake/ament_cmake_export_include_directories-extras.cmake
[2.206s] -- Up-to-date symlink: /home/bluelule/ugv_project/ros2_ws/install/zed_components/share/zed_components/cmake/ament_cmake_export_libraries-extras.cmake
[2.206s] -- Up-to-date symlink: /home/bluelule/ugv_project/ros2_ws/install/zed_components/share/zed_components/cmake/ament_cmake_export_dependencies-extras.cmake
[2.206s] -- Up-to-date symlink: /home/bluelule/ugv_project/ros2_ws/install/zed_components/share/zed_components/cmake/zed_componentsConfig.cmake
[2.206s] -- Up-to-date symlink: /home/bluelule/ugv_project/ros2_ws/install/zed_components/share/zed_components/cmake/zed_componentsConfig-version.cmake
[2.207s] -- Up-to-date symlink: /home/bluelule/ugv_project/ros2_ws/install/zed_components/share/zed_components/package.xml
[2.212s] Invoked command in '/home/bluelule/ugv_project/ros2_ws/build/zed_components' returned '0': CMAKE_PREFIX_PATH=${CMAKE_PREFIX_PATH}:/opt/ros/humble /usr/bin/cmake --install /home/bluelule/ugv_project/ros2_ws/build/zed_components
