[0.025s] Invoking command in '/home/bluelule/ugv_project/ros2_ws/build/zed_ros2': AMENT_PREFIX_PATH=/home/bluelule/ugv_project/ros2_ws/install/zed_wrapper:/home/bluelule/ugv_project/ros2_ws/install/zed_components:${AMENT_PREFIX_PATH} CMAKE_PREFIX_PATH=/home/bluelule/ugv_project/ros2_ws/install/zed_wrapper:/home/bluelule/ugv_project/ros2_ws/install/zed_components:/opt/ros/humble LD_LIBRARY_PATH=/home/bluelule/ugv_project/ros2_ws/install/zed_components/lib:/opt/ros/humble/opt/rviz_ogre_vendor/lib:/opt/ros/humble/lib/aarch64-linux-gnu:/opt/ros/humble/lib:/usr/local/cuda-12.6/lib64 /usr/bin/cmake /home/bluelule/ugv_project/ros2_ws/src/third_party/zed-ros2-wrapper/zed_ros2 -DCMAKE_BUILD_TYPE=Release -DAMENT_CMAKE_SYMLINK_INSTALL=1 -DCMAKE_INSTALL_PREFIX=/home/bluelule/ugv_project/ros2_ws/install/zed_ros2
[0.056s] -- Found ament_cmake_auto: 1.3.12 (/opt/ros/humble/share/ament_cmake_auto/cmake)
[0.404s] -- Found Python3: /usr/bin/python3 (found version "3.10.12") found components: Interpreter 
[0.529s] -- Override CMake install command with custom implementation using symlinks instead of copying resources
[0.729s] -- Found ament_lint_auto: 0.12.14 (/opt/ros/humble/share/ament_lint_auto/cmake)
[0.763s] -- Added test 'copyright' to check source files copyright and LICENSE
[0.767s] -- Added test 'lint_cmake' to check CMake code style
[0.770s] -- Added test 'xmllint' to check XML markup files
[0.775s] -- Configuring done
[0.783s] -- Generating done
[0.787s] -- Build files have been written to: /home/bluelule/ugv_project/ros2_ws/build/zed_ros2
[0.795s] Invoked command in '/home/bluelule/ugv_project/ros2_ws/build/zed_ros2' returned '0': AMENT_PREFIX_PATH=/home/bluelule/ugv_project/ros2_ws/install/zed_wrapper:/home/bluelule/ugv_project/ros2_ws/install/zed_components:${AMENT_PREFIX_PATH} CMAKE_PREFIX_PATH=/home/bluelule/ugv_project/ros2_ws/install/zed_wrapper:/home/bluelule/ugv_project/ros2_ws/install/zed_components:/opt/ros/humble LD_LIBRARY_PATH=/home/bluelule/ugv_project/ros2_ws/install/zed_components/lib:/opt/ros/humble/opt/rviz_ogre_vendor/lib:/opt/ros/humble/lib/aarch64-linux-gnu:/opt/ros/humble/lib:/usr/local/cuda-12.6/lib64 /usr/bin/cmake /home/bluelule/ugv_project/ros2_ws/src/third_party/zed-ros2-wrapper/zed_ros2 -DCMAKE_BUILD_TYPE=Release -DAMENT_CMAKE_SYMLINK_INSTALL=1 -DCMAKE_INSTALL_PREFIX=/home/bluelule/ugv_project/ros2_ws/install/zed_ros2
[0.800s] Invoking command in '/home/bluelule/ugv_project/ros2_ws/build/zed_ros2': AMENT_PREFIX_PATH=/home/bluelule/ugv_project/ros2_ws/install/zed_wrapper:/home/bluelule/ugv_project/ros2_ws/install/zed_components:${AMENT_PREFIX_PATH} CMAKE_PREFIX_PATH=/home/bluelule/ugv_project/ros2_ws/install/zed_wrapper:/home/bluelule/ugv_project/ros2_ws/install/zed_components:/opt/ros/humble LD_LIBRARY_PATH=/home/bluelule/ugv_project/ros2_ws/install/zed_components/lib:/opt/ros/humble/opt/rviz_ogre_vendor/lib:/opt/ros/humble/lib/aarch64-linux-gnu:/opt/ros/humble/lib:/usr/local/cuda-12.6/lib64 /usr/bin/cmake --build /home/bluelule/ugv_project/ros2_ws/build/zed_ros2 -- -j6 -l6
[0.882s] Invoked command in '/home/bluelule/ugv_project/ros2_ws/build/zed_ros2' returned '0': AMENT_PREFIX_PATH=/home/bluelule/ugv_project/ros2_ws/install/zed_wrapper:/home/bluelule/ugv_project/ros2_ws/install/zed_components:${AMENT_PREFIX_PATH} CMAKE_PREFIX_PATH=/home/bluelule/ugv_project/ros2_ws/install/zed_wrapper:/home/bluelule/ugv_project/ros2_ws/install/zed_components:/opt/ros/humble LD_LIBRARY_PATH=/home/bluelule/ugv_project/ros2_ws/install/zed_components/lib:/opt/ros/humble/opt/rviz_ogre_vendor/lib:/opt/ros/humble/lib/aarch64-linux-gnu:/opt/ros/humble/lib:/usr/local/cuda-12.6/lib64 /usr/bin/cmake --build /home/bluelule/ugv_project/ros2_ws/build/zed_ros2 -- -j6 -l6
[0.886s] Invoking command in '/home/bluelule/ugv_project/ros2_ws/build/zed_ros2': AMENT_PREFIX_PATH=/home/bluelule/ugv_project/ros2_ws/install/zed_wrapper:/home/bluelule/ugv_project/ros2_ws/install/zed_components:${AMENT_PREFIX_PATH} CMAKE_PREFIX_PATH=/home/bluelule/ugv_project/ros2_ws/install/zed_wrapper:/home/bluelule/ugv_project/ros2_ws/install/zed_components:/opt/ros/humble LD_LIBRARY_PATH=/home/bluelule/ugv_project/ros2_ws/install/zed_components/lib:/opt/ros/humble/opt/rviz_ogre_vendor/lib:/opt/ros/humble/lib/aarch64-linux-gnu:/opt/ros/humble/lib:/usr/local/cuda-12.6/lib64 /usr/bin/cmake --install /home/bluelule/ugv_project/ros2_ws/build/zed_ros2
[0.906s] -- Install configuration: "Release"
[0.907s] -- Execute custom install script
[0.907s] -- Symlinking: /home/bluelule/ugv_project/ros2_ws/install/zed_ros2/share/ament_index/resource_index/package_run_dependencies/zed_ros2
[0.929s] -- Symlinking: /home/bluelule/ugv_project/ros2_ws/install/zed_ros2/share/ament_index/resource_index/parent_prefix_path/zed_ros2
[0.950s] -- Symlinking: /home/bluelule/ugv_project/ros2_ws/install/zed_ros2/share/zed_ros2/environment/ament_prefix_path.sh
[0.969s] -- Symlinking: /home/bluelule/ugv_project/ros2_ws/install/zed_ros2/share/zed_ros2/environment/ament_prefix_path.dsv
[0.985s] -- Symlinking: /home/bluelule/ugv_project/ros2_ws/install/zed_ros2/share/zed_ros2/environment/path.sh
[1.001s] -- Symlinking: /home/bluelule/ugv_project/ros2_ws/install/zed_ros2/share/zed_ros2/environment/path.dsv
[1.016s] -- Symlinking: /home/bluelule/ugv_project/ros2_ws/install/zed_ros2/share/zed_ros2/local_setup.bash
[1.032s] -- Symlinking: /home/bluelule/ugv_project/ros2_ws/install/zed_ros2/share/zed_ros2/local_setup.sh
[1.052s] -- Symlinking: /home/bluelule/ugv_project/ros2_ws/install/zed_ros2/share/zed_ros2/local_setup.zsh
[1.068s] -- Symlinking: /home/bluelule/ugv_project/ros2_ws/install/zed_ros2/share/zed_ros2/local_setup.dsv
[1.083s] -- Symlinking: /home/bluelule/ugv_project/ros2_ws/install/zed_ros2/share/zed_ros2/package.dsv
[1.099s] -- Symlinking: /home/bluelule/ugv_project/ros2_ws/install/zed_ros2/share/ament_index/resource_index/packages/zed_ros2
[1.116s] -- Symlinking: /home/bluelule/ugv_project/ros2_ws/install/zed_ros2/share/zed_ros2/cmake/zed_ros2Config.cmake
[1.132s] -- Symlinking: /home/bluelule/ugv_project/ros2_ws/install/zed_ros2/share/zed_ros2/cmake/zed_ros2Config-version.cmake
[1.149s] -- Symlinking: /home/bluelule/ugv_project/ros2_ws/install/zed_ros2/share/zed_ros2/package.xml
[1.171s] Invoked command in '/home/bluelule/ugv_project/ros2_ws/build/zed_ros2' returned '0': AMENT_PREFIX_PATH=/home/bluelule/ugv_project/ros2_ws/install/zed_wrapper:/home/bluelule/ugv_project/ros2_ws/install/zed_components:${AMENT_PREFIX_PATH} CMAKE_PREFIX_PATH=/home/bluelule/ugv_project/ros2_ws/install/zed_wrapper:/home/bluelule/ugv_project/ros2_ws/install/zed_components:/opt/ros/humble LD_LIBRARY_PATH=/home/bluelule/ugv_project/ros2_ws/install/zed_components/lib:/opt/ros/humble/opt/rviz_ogre_vendor/lib:/opt/ros/humble/lib/aarch64-linux-gnu:/opt/ros/humble/lib:/usr/local/cuda-12.6/lib64 /usr/bin/cmake --install /home/bluelule/ugv_project/ros2_ws/build/zed_ros2
