[0.034s] Invoking command in '/home/bluelule/ugv_project/ros2_ws/build/zed_components': CMAKE_PREFIX_PATH=${CMAKE_PREFIX_PATH}:/home/bluelule/ugv_project/ros2_ws/install/ugv_perception:/opt/ros/humble /usr/bin/cmake --build /home/bluelule/ugv_project/ros2_ws/build/zed_components -- -j6 -l6
[0.205s] [ 52%] Built target zed_camera_component
[0.223s] [100%] Built target zed_camera_one_component
[0.594s] Invoked command in '/home/bluelule/ugv_project/ros2_ws/build/zed_components' returned '0': CMAKE_PREFIX_PATH=${CMAKE_PREFIX_PATH}:/home/bluelule/ugv_project/ros2_ws/install/ugv_perception:/opt/ros/humble /usr/bin/cmake --build /home/bluelule/ugv_project/ros2_ws/build/zed_components -- -j6 -l6
[0.618s] Invoking command in '/home/bluelule/ugv_project/ros2_ws/build/zed_components': CMAKE_PREFIX_PATH=${CMAKE_PREFIX_PATH}:/home/bluelule/ugv_project/ros2_ws/install/ugv_perception:/opt/ros/humble /usr/bin/cmake --install /home/bluelule/ugv_project/ros2_ws/build/zed_components
[0.635s] -- Install configuration: "Release"
[0.636s] -- Execute custom install script
[0.637s] -- Up-to-date symlink: /home/bluelule/ugv_project/ros2_ws/install/zed_components/lib/libzed_camera_component.so
[0.637s] -- Up-to-date symlink: /home/bluelule/ugv_project/ros2_ws/install/zed_components/lib/libzed_camera_one_component.so
[0.638s] -- Up-to-date symlink: /home/bluelule/ugv_project/ros2_ws/install/zed_components/include/zed_components//cost_traversability.hpp
[0.639s] -- Up-to-date symlink: /home/bluelule/ugv_project/ros2_ws/install/zed_components/include/zed_components//zed_camera_component.hpp
[0.639s] -- Up-to-date symlink: /home/bluelule/ugv_project/ros2_ws/install/zed_components/include/zed_components//gnss_replay.hpp
[0.639s] -- Up-to-date symlink: /home/bluelule/ugv_project/ros2_ws/install/zed_components/include/zed_components//json.hpp
[0.639s] -- Up-to-date symlink: /home/bluelule/ugv_project/ros2_ws/install/zed_components/include/zed_components//sl_logging.hpp
[0.639s] -- Up-to-date symlink: /home/bluelule/ugv_project/ros2_ws/install/zed_components/include/zed_components//sl_tools.hpp
[0.640s] -- Up-to-date symlink: /home/bluelule/ugv_project/ros2_ws/install/zed_components/include/zed_components//sl_types.hpp
[0.640s] -- Up-to-date symlink: /home/bluelule/ugv_project/ros2_ws/install/zed_components/include/zed_components//sl_win_avg.hpp
[0.641s] -- Up-to-date symlink: /home/bluelule/ugv_project/ros2_ws/install/zed_components/include/zed_components//sl_version.hpp
[0.641s] -- Up-to-date symlink: /home/bluelule/ugv_project/ros2_ws/install/zed_components/include/zed_components//visibility_control.hpp
[0.641s] -- Up-to-date symlink: /home/bluelule/ugv_project/ros2_ws/install/zed_components/share/zed_components/environment/library_path.sh
[0.641s] -- Up-to-date symlink: /home/bluelule/ugv_project/ros2_ws/install/zed_components/share/zed_components/environment/library_path.dsv
[0.642s] -- Up-to-date symlink: /home/bluelule/ugv_project/ros2_ws/install/zed_components/share/ament_index/resource_index/package_run_dependencies/zed_components
[0.642s] -- Up-to-date symlink: /home/bluelule/ugv_project/ros2_ws/install/zed_components/share/ament_index/resource_index/parent_prefix_path/zed_components
[0.642s] -- Up-to-date symlink: /home/bluelule/ugv_project/ros2_ws/install/zed_components/share/zed_components/environment/ament_prefix_path.sh
[0.642s] -- Up-to-date symlink: /home/bluelule/ugv_project/ros2_ws/install/zed_components/share/zed_components/environment/ament_prefix_path.dsv
[0.643s] -- Up-to-date symlink: /home/bluelule/ugv_project/ros2_ws/install/zed_components/share/zed_components/environment/path.sh
[0.643s] -- Up-to-date symlink: /home/bluelule/ugv_project/ros2_ws/install/zed_components/share/zed_components/environment/path.dsv
[0.643s] -- Up-to-date symlink: /home/bluelule/ugv_project/ros2_ws/install/zed_components/share/zed_components/local_setup.bash
[0.644s] -- Up-to-date symlink: /home/bluelule/ugv_project/ros2_ws/install/zed_components/share/zed_components/local_setup.sh
[0.644s] -- Up-to-date symlink: /home/bluelule/ugv_project/ros2_ws/install/zed_components/share/zed_components/local_setup.zsh
[0.646s] -- Up-to-date symlink: /home/bluelule/ugv_project/ros2_ws/install/zed_components/share/zed_components/local_setup.dsv
[0.646s] -- Symlinking: /home/bluelule/ugv_project/ros2_ws/install/zed_components/share/zed_components/package.dsv
[0.674s] -- Up-to-date symlink: /home/bluelule/ugv_project/ros2_ws/install/zed_components/share/ament_index/resource_index/packages/zed_components
[0.674s] -- Up-to-date symlink: /home/bluelule/ugv_project/ros2_ws/install/zed_components/share/ament_index/resource_index/rclcpp_components/zed_components
[0.674s] -- Up-to-date symlink: /home/bluelule/ugv_project/ros2_ws/install/zed_components/share/zed_components/cmake/ament_cmake_export_include_directories-extras.cmake
[0.675s] -- Up-to-date symlink: /home/bluelule/ugv_project/ros2_ws/install/zed_components/share/zed_components/cmake/ament_cmake_export_libraries-extras.cmake
[0.675s] -- Up-to-date symlink: /home/bluelule/ugv_project/ros2_ws/install/zed_components/share/zed_components/cmake/ament_cmake_export_dependencies-extras.cmake
[0.675s] -- Up-to-date symlink: /home/bluelule/ugv_project/ros2_ws/install/zed_components/share/zed_components/cmake/zed_componentsConfig.cmake
[0.675s] -- Up-to-date symlink: /home/bluelule/ugv_project/ros2_ws/install/zed_components/share/zed_components/cmake/zed_componentsConfig-version.cmake
[0.676s] -- Up-to-date symlink: /home/bluelule/ugv_project/ros2_ws/install/zed_components/share/zed_components/package.xml
[0.681s] Invoked command in '/home/bluelule/ugv_project/ros2_ws/build/zed_components' returned '0': CMAKE_PREFIX_PATH=${CMAKE_PREFIX_PATH}:/home/bluelule/ugv_project/ros2_ws/install/ugv_perception:/opt/ros/humble /usr/bin/cmake --install /home/bluelule/ugv_project/ros2_ws/build/zed_components
