[0.023s] Invoking command in '/home/bluelule/ugv_project/ros2_ws/build/zed_wrapper': AMENT_PREFIX_PATH=/home/bluelule/ugv_project/ros2_ws/install/zed_components:${AMENT_PREFIX_PATH} CMAKE_PREFIX_PATH=/home/bluelule/ugv_project/ros2_ws/install/zed_components:/opt/ros/humble LD_LIBRARY_PATH=/home/bluelule/ugv_project/ros2_ws/install/zed_components/lib:/opt/ros/humble/opt/rviz_ogre_vendor/lib:/opt/ros/humble/lib/aarch64-linux-gnu:/opt/ros/humble/lib:/usr/local/cuda-12.6/lib64 /usr/bin/cmake /home/bluelule/ugv_project/ros2_ws/src/third_party/zed-ros2-wrapper/zed_wrapper -DCMAKE_BUILD_TYPE=Release -DAMENT_CMAKE_SYMLINK_INSTALL=1 -DCMAKE_INSTALL_PREFIX=/home/bluelule/ugv_project/ros2_ws/install/zed_wrapper
[0.174s] -- The C compiler identification is GNU 11.4.0
[0.299s] -- The CXX compiler identification is GNU 11.4.0
[0.320s] -- Detecting C compiler ABI info
[0.468s] -- Detecting C compiler ABI info - done
[0.492s] -- Check for working C compiler: /usr/bin/cc - skipped
[0.494s] -- Detecting C compile features
[0.496s] -- Detecting C compile features - done
[0.505s] -- Detecting CXX compiler ABI info
[0.668s] -- Detecting CXX compiler ABI info - done
[0.693s] -- Check for working CXX compiler: /usr/bin/c++ - skipped
[0.694s] -- Detecting CXX compile features
[0.696s] -- Detecting CXX compile features - done
[0.705s] -- Found ament_cmake_auto: 1.3.12 (/opt/ros/humble/share/ament_cmake_auto/cmake)
[1.036s] -- Found Python3: /usr/bin/python3 (found version "3.10.12") found components: Interpreter 
[1.172s] -- Override CMake install command with custom implementation using symlinks instead of copying resources
[1.456s] -- Found rosidl_generator_c: 3.1.8 (/opt/ros/humble/share/rosidl_generator_c/cmake)
[1.465s] -- Found rosidl_adapter: 3.1.8 (/opt/ros/humble/share/rosidl_adapter/cmake)
[1.481s] -- Found rosidl_generator_cpp: 3.1.8 (/opt/ros/humble/share/rosidl_generator_cpp/cmake)
[1.504s] -- Using all available rosidl_typesupport_c: rosidl_typesupport_fastrtps_c;rosidl_typesupport_introspection_c
[1.532s] -- Using all available rosidl_typesupport_cpp: rosidl_typesupport_fastrtps_cpp;rosidl_typesupport_introspection_cpp
[1.610s] -- Found rmw_implementation_cmake: 6.1.2 (/opt/ros/humble/share/rmw_implementation_cmake/cmake)
[1.615s] -- Found rmw_fastrtps_cpp: 6.2.9 (/opt/ros/humble/share/rmw_fastrtps_cpp/cmake)
[1.761s] -- Found OpenSSL: /usr/lib/aarch64-linux-gnu/libcrypto.so (found version "3.0.2")  
[1.820s] -- Found FastRTPS: /opt/ros/humble/include  
[1.890s] -- Using RMW implementation 'rmw_fastrtps_cpp' as default
[1.906s] -- Looking for pthread.h
[2.047s] -- Looking for pthread.h - found
[2.047s] -- Performing Test CMAKE_HAVE_LIBC_PTHREAD
[2.201s] -- Performing Test CMAKE_HAVE_LIBC_PTHREAD - Success
[2.205s] -- Found Threads: TRUE  
[2.645s] -- Found eigen3_cmake_module: 0.1.1 (/opt/ros/humble/share/eigen3_cmake_module/cmake)
[2.647s] -- Found Eigen3: TRUE (found version "3.4.0") 
[2.647s] -- Ensuring Eigen3 include directory is part of orocos-kdl CMake target
[2.988s] -- Configuring done
[3.000s] -- Generating done
[3.005s] -- Build files have been written to: /home/bluelule/ugv_project/ros2_ws/build/zed_wrapper
[3.034s] Invoked command in '/home/bluelule/ugv_project/ros2_ws/build/zed_wrapper' returned '0': AMENT_PREFIX_PATH=/home/bluelule/ugv_project/ros2_ws/install/zed_components:${AMENT_PREFIX_PATH} CMAKE_PREFIX_PATH=/home/bluelule/ugv_project/ros2_ws/install/zed_components:/opt/ros/humble LD_LIBRARY_PATH=/home/bluelule/ugv_project/ros2_ws/install/zed_components/lib:/opt/ros/humble/opt/rviz_ogre_vendor/lib:/opt/ros/humble/lib/aarch64-linux-gnu:/opt/ros/humble/lib:/usr/local/cuda-12.6/lib64 /usr/bin/cmake /home/bluelule/ugv_project/ros2_ws/src/third_party/zed-ros2-wrapper/zed_wrapper -DCMAKE_BUILD_TYPE=Release -DAMENT_CMAKE_SYMLINK_INSTALL=1 -DCMAKE_INSTALL_PREFIX=/home/bluelule/ugv_project/ros2_ws/install/zed_wrapper
[3.041s] Invoking command in '/home/bluelule/ugv_project/ros2_ws/build/zed_wrapper': AMENT_PREFIX_PATH=/home/bluelule/ugv_project/ros2_ws/install/zed_components:${AMENT_PREFIX_PATH} CMAKE_PREFIX_PATH=/home/bluelule/ugv_project/ros2_ws/install/zed_components:/opt/ros/humble LD_LIBRARY_PATH=/home/bluelule/ugv_project/ros2_ws/install/zed_components/lib:/opt/ros/humble/opt/rviz_ogre_vendor/lib:/opt/ros/humble/lib/aarch64-linux-gnu:/opt/ros/humble/lib:/usr/local/cuda-12.6/lib64 /usr/bin/cmake --build /home/bluelule/ugv_project/ros2_ws/build/zed_wrapper -- -j6 -l6
[3.127s] Invoked command in '/home/bluelule/ugv_project/ros2_ws/build/zed_wrapper' returned '0': AMENT_PREFIX_PATH=/home/bluelule/ugv_project/ros2_ws/install/zed_components:${AMENT_PREFIX_PATH} CMAKE_PREFIX_PATH=/home/bluelule/ugv_project/ros2_ws/install/zed_components:/opt/ros/humble LD_LIBRARY_PATH=/home/bluelule/ugv_project/ros2_ws/install/zed_components/lib:/opt/ros/humble/opt/rviz_ogre_vendor/lib:/opt/ros/humble/lib/aarch64-linux-gnu:/opt/ros/humble/lib:/usr/local/cuda-12.6/lib64 /usr/bin/cmake --build /home/bluelule/ugv_project/ros2_ws/build/zed_wrapper -- -j6 -l6
[3.132s] Invoking command in '/home/bluelule/ugv_project/ros2_ws/build/zed_wrapper': AMENT_PREFIX_PATH=/home/bluelule/ugv_project/ros2_ws/install/zed_components:${AMENT_PREFIX_PATH} CMAKE_PREFIX_PATH=/home/bluelule/ugv_project/ros2_ws/install/zed_components:/opt/ros/humble LD_LIBRARY_PATH=/home/bluelule/ugv_project/ros2_ws/install/zed_components/lib:/opt/ros/humble/opt/rviz_ogre_vendor/lib:/opt/ros/humble/lib/aarch64-linux-gnu:/opt/ros/humble/lib:/usr/local/cuda-12.6/lib64 /usr/bin/cmake --install /home/bluelule/ugv_project/ros2_ws/build/zed_wrapper
[3.148s] -- Install configuration: "Release"
[3.149s] -- Execute custom install script
[3.151s] -- Symlinking: /home/bluelule/ugv_project/ros2_ws/install/zed_wrapper/share/zed_wrapper/config/common_mono.yaml
[3.169s] -- Symlinking: /home/bluelule/ugv_project/ros2_ws/install/zed_wrapper/share/zed_wrapper/config/common_stereo.yaml
[3.188s] -- Symlinking: /home/bluelule/ugv_project/ros2_ws/install/zed_wrapper/share/zed_wrapper/config/custom_object_detection.yaml
[3.205s] -- Symlinking: /home/bluelule/ugv_project/ros2_ws/install/zed_wrapper/share/zed_wrapper/config/object_detection.yaml
[3.224s] -- Symlinking: /home/bluelule/ugv_project/ros2_ws/install/zed_wrapper/share/zed_wrapper/config/virtual.yaml
[3.241s] -- Symlinking: /home/bluelule/ugv_project/ros2_ws/install/zed_wrapper/share/zed_wrapper/config/zed.yaml
[3.260s] -- Symlinking: /home/bluelule/ugv_project/ros2_ws/install/zed_wrapper/share/zed_wrapper/config/zed2.yaml
[3.277s] -- Symlinking: /home/bluelule/ugv_project/ros2_ws/install/zed_wrapper/share/zed_wrapper/config/zed2i.yaml
[3.295s] -- Symlinking: /home/bluelule/ugv_project/ros2_ws/install/zed_wrapper/share/zed_wrapper/config/zedm.yaml
[3.314s] -- Symlinking: /home/bluelule/ugv_project/ros2_ws/install/zed_wrapper/share/zed_wrapper/config/zedx.yaml
[3.331s] -- Symlinking: /home/bluelule/ugv_project/ros2_ws/install/zed_wrapper/share/zed_wrapper/config/zedxhdr.yaml
[3.348s] -- Symlinking: /home/bluelule/ugv_project/ros2_ws/install/zed_wrapper/share/zed_wrapper/config/zedxhdrmax.yaml
[3.365s] -- Symlinking: /home/bluelule/ugv_project/ros2_ws/install/zed_wrapper/share/zed_wrapper/config/zedxhdrmini.yaml
[3.383s] -- Symlinking: /home/bluelule/ugv_project/ros2_ws/install/zed_wrapper/share/zed_wrapper/config/zedxm.yaml
[3.401s] -- Symlinking: /home/bluelule/ugv_project/ros2_ws/install/zed_wrapper/share/zed_wrapper/config/zedxone4k.yaml
[3.418s] -- Symlinking: /home/bluelule/ugv_project/ros2_ws/install/zed_wrapper/share/zed_wrapper/config/zedxonegs.yaml
[3.436s] -- Symlinking: /home/bluelule/ugv_project/ros2_ws/install/zed_wrapper/share/zed_wrapper/config/zedxonehdr.yaml
[3.454s] -- Symlinking: /home/bluelule/ugv_project/ros2_ws/install/zed_wrapper/share/zed_wrapper/urdf/zed_descr.urdf.xacro
[3.471s] -- Symlinking: /home/bluelule/ugv_project/ros2_ws/install/zed_wrapper/share/zed_wrapper/urdf/zed_macro.urdf.xacro
[3.491s] -- Symlinking: /home/bluelule/ugv_project/ros2_ws/install/zed_wrapper/share/zed_wrapper/launch/zed_camera.launch.py
[3.508s] -- Symlinking: /home/bluelule/ugv_project/ros2_ws/install/zed_wrapper/share/ament_index/resource_index/package_run_dependencies/zed_wrapper
[3.527s] -- Symlinking: /home/bluelule/ugv_project/ros2_ws/install/zed_wrapper/share/ament_index/resource_index/parent_prefix_path/zed_wrapper
[3.545s] -- Symlinking: /home/bluelule/ugv_project/ros2_ws/install/zed_wrapper/share/zed_wrapper/environment/ament_prefix_path.sh
[3.563s] -- Symlinking: /home/bluelule/ugv_project/ros2_ws/install/zed_wrapper/share/zed_wrapper/environment/ament_prefix_path.dsv
[3.580s] -- Symlinking: /home/bluelule/ugv_project/ros2_ws/install/zed_wrapper/share/zed_wrapper/environment/path.sh
[3.597s] -- Symlinking: /home/bluelule/ugv_project/ros2_ws/install/zed_wrapper/share/zed_wrapper/environment/path.dsv
[3.616s] -- Symlinking: /home/bluelule/ugv_project/ros2_ws/install/zed_wrapper/share/zed_wrapper/local_setup.bash
[3.633s] -- Symlinking: /home/bluelule/ugv_project/ros2_ws/install/zed_wrapper/share/zed_wrapper/local_setup.sh
[3.652s] -- Symlinking: /home/bluelule/ugv_project/ros2_ws/install/zed_wrapper/share/zed_wrapper/local_setup.zsh
[3.670s] -- Symlinking: /home/bluelule/ugv_project/ros2_ws/install/zed_wrapper/share/zed_wrapper/local_setup.dsv
[3.688s] -- Symlinking: /home/bluelule/ugv_project/ros2_ws/install/zed_wrapper/share/zed_wrapper/package.dsv
[3.706s] -- Symlinking: /home/bluelule/ugv_project/ros2_ws/install/zed_wrapper/share/ament_index/resource_index/packages/zed_wrapper
[3.725s] -- Symlinking: /home/bluelule/ugv_project/ros2_ws/install/zed_wrapper/share/zed_wrapper/cmake/zed_wrapperConfig.cmake
[3.745s] -- Symlinking: /home/bluelule/ugv_project/ros2_ws/install/zed_wrapper/share/zed_wrapper/cmake/zed_wrapperConfig-version.cmake
[3.764s] -- Symlinking: /home/bluelule/ugv_project/ros2_ws/install/zed_wrapper/share/zed_wrapper/package.xml
[3.790s] Invoked command in '/home/bluelule/ugv_project/ros2_ws/build/zed_wrapper' returned '0': AMENT_PREFIX_PATH=/home/bluelule/ugv_project/ros2_ws/install/zed_components:${AMENT_PREFIX_PATH} CMAKE_PREFIX_PATH=/home/bluelule/ugv_project/ros2_ws/install/zed_components:/opt/ros/humble LD_LIBRARY_PATH=/home/bluelule/ugv_project/ros2_ws/install/zed_components/lib:/opt/ros/humble/opt/rviz_ogre_vendor/lib:/opt/ros/humble/lib/aarch64-linux-gnu:/opt/ros/humble/lib:/usr/local/cuda-12.6/lib64 /usr/bin/cmake --install /home/bluelule/ugv_project/ros2_ws/build/zed_wrapper
