[0.245s] DEBUG:colcon:Command line arguments: ['/usr/bin/colcon', 'build', '--symlink-install']
[0.246s] DEBUG:colcon:Parsed command line arguments: Namespace(log_base=None, log_level=None, verb_name='build', build_base='build', install_base='install', merge_install=False, symlink_install=True, test_result_base=None, continue_on_error=False, executor='parallel', parallel_workers=6, event_handlers=None, ignore_user_meta=False, metas=['./colcon.meta'], base_paths=['.'], packages_ignore=None, packages_ignore_regex=None, paths=None, packages_up_to=None, packages_up_to_regex=None, packages_above=None, packages_above_and_dependencies=None, packages_above_depth=None, packages_select_by_dep=None, packages_skip_by_dep=None, packages_skip_up_to=None, packages_select_build_failed=False, packages_skip_build_finished=False, packages_select_test_failures=False, packages_skip_test_passed=False, packages_select=None, packages_skip=None, packages_select_regex=None, packages_skip_regex=None, packages_start=None, packages_end=None, allow_overriding=[], cmake_args=None, cmake_target=None, cmake_target_skip_unavailable=False, cmake_clean_cache=False, cmake_clean_first=False, cmake_force_configure=False, ament_cmake_args=None, catkin_cmake_args=None, catkin_skip_building_tests=False, verb_parser=<colcon_defaults.argument_parser.defaults.DefaultArgumentsDecorator object at 0xffff955b7940>, verb_extension=<colcon_core.verb.build.BuildVerb object at 0xffff955b7430>, main=<bound method BuildVerb.main of <colcon_core.verb.build.BuildVerb object at 0xffff955b7430>>)
[0.609s] Level 1:colcon.colcon_core.package_discovery:discover_packages(colcon_meta) check parameters
[0.610s] Level 1:colcon.colcon_core.package_discovery:discover_packages(recursive) check parameters
[0.610s] Level 1:colcon.colcon_core.package_discovery:discover_packages(ignore) check parameters
[0.610s] Level 1:colcon.colcon_core.package_discovery:discover_packages(path) check parameters
[0.610s] Level 1:colcon.colcon_core.package_discovery:discover_packages(colcon_meta) discover
[0.610s] Level 1:colcon.colcon_core.package_discovery:discover_packages(recursive) discover
[0.610s] INFO:colcon.colcon_core.package_discovery:Crawling recursively for packages in '/home/bluelule/ugv_project/ros2_ws'
[0.610s] Level 1:colcon.colcon_core.package_identification:_identify(.) by extensions ['ignore', 'ignore_ament_install']
[0.611s] Level 1:colcon.colcon_core.package_identification:_identify(.) by extension 'ignore'
[0.611s] Level 1:colcon.colcon_core.package_identification:_identify(.) by extension 'ignore_ament_install'
[0.611s] Level 1:colcon.colcon_core.package_identification:_identify(.) by extensions ['colcon_pkg']
[0.611s] Level 1:colcon.colcon_core.package_identification:_identify(.) by extension 'colcon_pkg'
[0.611s] Level 1:colcon.colcon_core.package_identification:_identify(.) by extensions ['colcon_meta']
[0.611s] Level 1:colcon.colcon_core.package_identification:_identify(.) by extension 'colcon_meta'
[0.611s] Level 1:colcon.colcon_core.package_identification:_identify(.) by extensions ['ros']
[0.611s] Level 1:colcon.colcon_core.package_identification:_identify(.) by extension 'ros'
[0.633s] Level 1:colcon.colcon_core.package_identification:_identify(.) by extensions ['cmake', 'python']
[0.633s] Level 1:colcon.colcon_core.package_identification:_identify(.) by extension 'cmake'
[0.633s] Level 1:colcon.colcon_core.package_identification:_identify(.) by extension 'python'
[0.633s] Level 1:colcon.colcon_core.package_identification:_identify(.) by extensions ['python_setup_py']
[0.633s] Level 1:colcon.colcon_core.package_identification:_identify(.) by extension 'python_setup_py'
[0.633s] Level 1:colcon.colcon_core.package_identification:_identify(build) by extensions ['ignore', 'ignore_ament_install']
[0.634s] Level 1:colcon.colcon_core.package_identification:_identify(build) by extension 'ignore'
[0.634s] Level 1:colcon.colcon_core.package_identification:_identify(build) ignored
[0.634s] Level 1:colcon.colcon_core.package_identification:_identify(install) by extensions ['ignore', 'ignore_ament_install']
[0.634s] Level 1:colcon.colcon_core.package_identification:_identify(install) by extension 'ignore'
[0.634s] Level 1:colcon.colcon_core.package_identification:_identify(install) ignored
[0.635s] Level 1:colcon.colcon_core.package_identification:_identify(log) by extensions ['ignore', 'ignore_ament_install']
[0.635s] Level 1:colcon.colcon_core.package_identification:_identify(log) by extension 'ignore'
[0.635s] Level 1:colcon.colcon_core.package_identification:_identify(log) ignored
[0.635s] Level 1:colcon.colcon_core.package_identification:_identify(rplidar_ros) by extensions ['ignore', 'ignore_ament_install']
[0.635s] Level 1:colcon.colcon_core.package_identification:_identify(rplidar_ros) by extension 'ignore'
[0.636s] Level 1:colcon.colcon_core.package_identification:_identify(rplidar_ros) by extension 'ignore_ament_install'
[0.636s] Level 1:colcon.colcon_core.package_identification:_identify(rplidar_ros) by extensions ['colcon_pkg']
[0.636s] Level 1:colcon.colcon_core.package_identification:_identify(rplidar_ros) by extension 'colcon_pkg'
[0.636s] Level 1:colcon.colcon_core.package_identification:_identify(rplidar_ros) by extensions ['colcon_meta']
[0.636s] Level 1:colcon.colcon_core.package_identification:_identify(rplidar_ros) by extension 'colcon_meta'
[0.636s] Level 1:colcon.colcon_core.package_identification:_identify(rplidar_ros) by extensions ['ros']
[0.636s] Level 1:colcon.colcon_core.package_identification:_identify(rplidar_ros) by extension 'ros'
[0.641s] DEBUG:colcon.colcon_core.package_identification:Package 'rplidar_ros' with type 'ros.ament_cmake' and name 'rplidar_ros'
[0.641s] Level 1:colcon.colcon_core.package_identification:_identify(src) by extensions ['ignore', 'ignore_ament_install']
[0.642s] Level 1:colcon.colcon_core.package_identification:_identify(src) by extension 'ignore'
[0.642s] Level 1:colcon.colcon_core.package_identification:_identify(src) by extension 'ignore_ament_install'
[0.642s] Level 1:colcon.colcon_core.package_identification:_identify(src) by extensions ['colcon_pkg']
[0.642s] Level 1:colcon.colcon_core.package_identification:_identify(src) by extension 'colcon_pkg'
[0.642s] Level 1:colcon.colcon_core.package_identification:_identify(src) by extensions ['colcon_meta']
[0.642s] Level 1:colcon.colcon_core.package_identification:_identify(src) by extension 'colcon_meta'
[0.642s] Level 1:colcon.colcon_core.package_identification:_identify(src) by extensions ['ros']
[0.642s] Level 1:colcon.colcon_core.package_identification:_identify(src) by extension 'ros'
[0.643s] Level 1:colcon.colcon_core.package_identification:_identify(src) by extensions ['cmake', 'python']
[0.643s] Level 1:colcon.colcon_core.package_identification:_identify(src) by extension 'cmake'
[0.643s] Level 1:colcon.colcon_core.package_identification:_identify(src) by extension 'python'
[0.643s] Level 1:colcon.colcon_core.package_identification:_identify(src) by extensions ['python_setup_py']
[0.643s] Level 1:colcon.colcon_core.package_identification:_identify(src) by extension 'python_setup_py'
[0.643s] Level 1:colcon.colcon_core.package_identification:_identify(src/third_party) by extensions ['ignore', 'ignore_ament_install']
[0.643s] Level 1:colcon.colcon_core.package_identification:_identify(src/third_party) by extension 'ignore'
[0.643s] Level 1:colcon.colcon_core.package_identification:_identify(src/third_party) by extension 'ignore_ament_install'
[0.644s] Level 1:colcon.colcon_core.package_identification:_identify(src/third_party) by extensions ['colcon_pkg']
[0.644s] Level 1:colcon.colcon_core.package_identification:_identify(src/third_party) by extension 'colcon_pkg'
[0.644s] Level 1:colcon.colcon_core.package_identification:_identify(src/third_party) by extensions ['colcon_meta']
[0.644s] Level 1:colcon.colcon_core.package_identification:_identify(src/third_party) by extension 'colcon_meta'
[0.644s] Level 1:colcon.colcon_core.package_identification:_identify(src/third_party) by extensions ['ros']
[0.644s] Level 1:colcon.colcon_core.package_identification:_identify(src/third_party) by extension 'ros'
[0.644s] Level 1:colcon.colcon_core.package_identification:_identify(src/third_party) by extensions ['cmake', 'python']
[0.644s] Level 1:colcon.colcon_core.package_identification:_identify(src/third_party) by extension 'cmake'
[0.644s] Level 1:colcon.colcon_core.package_identification:_identify(src/third_party) by extension 'python'
[0.644s] Level 1:colcon.colcon_core.package_identification:_identify(src/third_party) by extensions ['python_setup_py']
[0.644s] Level 1:colcon.colcon_core.package_identification:_identify(src/third_party) by extension 'python_setup_py'
[0.645s] Level 1:colcon.colcon_core.package_identification:_identify(src/third_party/zed-ros2-wrapper) by extensions ['ignore', 'ignore_ament_install']
[0.645s] Level 1:colcon.colcon_core.package_identification:_identify(src/third_party/zed-ros2-wrapper) by extension 'ignore'
[0.645s] Level 1:colcon.colcon_core.package_identification:_identify(src/third_party/zed-ros2-wrapper) by extension 'ignore_ament_install'
[0.645s] Level 1:colcon.colcon_core.package_identification:_identify(src/third_party/zed-ros2-wrapper) by extensions ['colcon_pkg']
[0.645s] Level 1:colcon.colcon_core.package_identification:_identify(src/third_party/zed-ros2-wrapper) by extension 'colcon_pkg'
[0.645s] Level 1:colcon.colcon_core.package_identification:_identify(src/third_party/zed-ros2-wrapper) by extensions ['colcon_meta']
[0.645s] Level 1:colcon.colcon_core.package_identification:_identify(src/third_party/zed-ros2-wrapper) by extension 'colcon_meta'
[0.645s] Level 1:colcon.colcon_core.package_identification:_identify(src/third_party/zed-ros2-wrapper) by extensions ['ros']
[0.645s] Level 1:colcon.colcon_core.package_identification:_identify(src/third_party/zed-ros2-wrapper) by extension 'ros'
[0.645s] Level 1:colcon.colcon_core.package_identification:_identify(src/third_party/zed-ros2-wrapper) by extensions ['cmake', 'python']
[0.646s] Level 1:colcon.colcon_core.package_identification:_identify(src/third_party/zed-ros2-wrapper) by extension 'cmake'
[0.646s] Level 1:colcon.colcon_core.package_identification:_identify(src/third_party/zed-ros2-wrapper) by extension 'python'
[0.646s] Level 1:colcon.colcon_core.package_identification:_identify(src/third_party/zed-ros2-wrapper) by extensions ['python_setup_py']
[0.646s] Level 1:colcon.colcon_core.package_identification:_identify(src/third_party/zed-ros2-wrapper) by extension 'python_setup_py'
[0.646s] Level 1:colcon.colcon_core.package_identification:_identify(src/third_party/zed-ros2-wrapper/docker) by extensions ['ignore', 'ignore_ament_install']
[0.646s] Level 1:colcon.colcon_core.package_identification:_identify(src/third_party/zed-ros2-wrapper/docker) by extension 'ignore'
[0.646s] Level 1:colcon.colcon_core.package_identification:_identify(src/third_party/zed-ros2-wrapper/docker) by extension 'ignore_ament_install'
[0.646s] Level 1:colcon.colcon_core.package_identification:_identify(src/third_party/zed-ros2-wrapper/docker) by extensions ['colcon_pkg']
[0.646s] Level 1:colcon.colcon_core.package_identification:_identify(src/third_party/zed-ros2-wrapper/docker) by extension 'colcon_pkg'
[0.646s] Level 1:colcon.colcon_core.package_identification:_identify(src/third_party/zed-ros2-wrapper/docker) by extensions ['colcon_meta']
[0.647s] Level 1:colcon.colcon_core.package_identification:_identify(src/third_party/zed-ros2-wrapper/docker) by extension 'colcon_meta'
[0.647s] Level 1:colcon.colcon_core.package_identification:_identify(src/third_party/zed-ros2-wrapper/docker) by extensions ['ros']
[0.647s] Level 1:colcon.colcon_core.package_identification:_identify(src/third_party/zed-ros2-wrapper/docker) by extension 'ros'
[0.647s] Level 1:colcon.colcon_core.package_identification:_identify(src/third_party/zed-ros2-wrapper/docker) by extensions ['cmake', 'python']
[0.647s] Level 1:colcon.colcon_core.package_identification:_identify(src/third_party/zed-ros2-wrapper/docker) by extension 'cmake'
[0.647s] Level 1:colcon.colcon_core.package_identification:_identify(src/third_party/zed-ros2-wrapper/docker) by extension 'python'
[0.647s] Level 1:colcon.colcon_core.package_identification:_identify(src/third_party/zed-ros2-wrapper/docker) by extensions ['python_setup_py']
[0.647s] Level 1:colcon.colcon_core.package_identification:_identify(src/third_party/zed-ros2-wrapper/docker) by extension 'python_setup_py'
[0.647s] Level 1:colcon.colcon_core.package_identification:_identify(src/third_party/zed-ros2-wrapper/images) by extensions ['ignore', 'ignore_ament_install']
[0.647s] Level 1:colcon.colcon_core.package_identification:_identify(src/third_party/zed-ros2-wrapper/images) by extension 'ignore'
[0.648s] Level 1:colcon.colcon_core.package_identification:_identify(src/third_party/zed-ros2-wrapper/images) by extension 'ignore_ament_install'
[0.648s] Level 1:colcon.colcon_core.package_identification:_identify(src/third_party/zed-ros2-wrapper/images) by extensions ['colcon_pkg']
[0.648s] Level 1:colcon.colcon_core.package_identification:_identify(src/third_party/zed-ros2-wrapper/images) by extension 'colcon_pkg'
[0.648s] Level 1:colcon.colcon_core.package_identification:_identify(src/third_party/zed-ros2-wrapper/images) by extensions ['colcon_meta']
[0.648s] Level 1:colcon.colcon_core.package_identification:_identify(src/third_party/zed-ros2-wrapper/images) by extension 'colcon_meta'
[0.648s] Level 1:colcon.colcon_core.package_identification:_identify(src/third_party/zed-ros2-wrapper/images) by extensions ['ros']
[0.648s] Level 1:colcon.colcon_core.package_identification:_identify(src/third_party/zed-ros2-wrapper/images) by extension 'ros'
[0.648s] Level 1:colcon.colcon_core.package_identification:_identify(src/third_party/zed-ros2-wrapper/images) by extensions ['cmake', 'python']
[0.648s] Level 1:colcon.colcon_core.package_identification:_identify(src/third_party/zed-ros2-wrapper/images) by extension 'cmake'
[0.648s] Level 1:colcon.colcon_core.package_identification:_identify(src/third_party/zed-ros2-wrapper/images) by extension 'python'
[0.648s] Level 1:colcon.colcon_core.package_identification:_identify(src/third_party/zed-ros2-wrapper/images) by extensions ['python_setup_py']
[0.648s] Level 1:colcon.colcon_core.package_identification:_identify(src/third_party/zed-ros2-wrapper/images) by extension 'python_setup_py'
[0.649s] Level 1:colcon.colcon_core.package_identification:_identify(src/third_party/zed-ros2-wrapper/zed_components) by extensions ['ignore', 'ignore_ament_install']
[0.649s] Level 1:colcon.colcon_core.package_identification:_identify(src/third_party/zed-ros2-wrapper/zed_components) by extension 'ignore'
[0.649s] Level 1:colcon.colcon_core.package_identification:_identify(src/third_party/zed-ros2-wrapper/zed_components) by extension 'ignore_ament_install'
[0.649s] Level 1:colcon.colcon_core.package_identification:_identify(src/third_party/zed-ros2-wrapper/zed_components) by extensions ['colcon_pkg']
[0.649s] Level 1:colcon.colcon_core.package_identification:_identify(src/third_party/zed-ros2-wrapper/zed_components) by extension 'colcon_pkg'
[0.649s] Level 1:colcon.colcon_core.package_identification:_identify(src/third_party/zed-ros2-wrapper/zed_components) by extensions ['colcon_meta']
[0.649s] Level 1:colcon.colcon_core.package_identification:_identify(src/third_party/zed-ros2-wrapper/zed_components) by extension 'colcon_meta'
[0.649s] Level 1:colcon.colcon_core.package_identification:_identify(src/third_party/zed-ros2-wrapper/zed_components) by extensions ['ros']
[0.649s] Level 1:colcon.colcon_core.package_identification:_identify(src/third_party/zed-ros2-wrapper/zed_components) by extension 'ros'
[0.651s] DEBUG:colcon.colcon_core.package_identification:Package 'src/third_party/zed-ros2-wrapper/zed_components' with type 'ros.ament_cmake' and name 'zed_components'
[0.652s] Level 1:colcon.colcon_core.package_identification:_identify(src/third_party/zed-ros2-wrapper/zed_ros2) by extensions ['ignore', 'ignore_ament_install']
[0.652s] Level 1:colcon.colcon_core.package_identification:_identify(src/third_party/zed-ros2-wrapper/zed_ros2) by extension 'ignore'
[0.652s] Level 1:colcon.colcon_core.package_identification:_identify(src/third_party/zed-ros2-wrapper/zed_ros2) by extension 'ignore_ament_install'
[0.652s] Level 1:colcon.colcon_core.package_identification:_identify(src/third_party/zed-ros2-wrapper/zed_ros2) by extensions ['colcon_pkg']
[0.652s] Level 1:colcon.colcon_core.package_identification:_identify(src/third_party/zed-ros2-wrapper/zed_ros2) by extension 'colcon_pkg'
[0.652s] Level 1:colcon.colcon_core.package_identification:_identify(src/third_party/zed-ros2-wrapper/zed_ros2) by extensions ['colcon_meta']
[0.652s] Level 1:colcon.colcon_core.package_identification:_identify(src/third_party/zed-ros2-wrapper/zed_ros2) by extension 'colcon_meta'
[0.653s] Level 1:colcon.colcon_core.package_identification:_identify(src/third_party/zed-ros2-wrapper/zed_ros2) by extensions ['ros']
[0.653s] Level 1:colcon.colcon_core.package_identification:_identify(src/third_party/zed-ros2-wrapper/zed_ros2) by extension 'ros'
[0.654s] DEBUG:colcon.colcon_core.package_identification:Package 'src/third_party/zed-ros2-wrapper/zed_ros2' with type 'ros.ament_cmake' and name 'zed_ros2'
[0.654s] Level 1:colcon.colcon_core.package_identification:_identify(src/third_party/zed-ros2-wrapper/zed_wrapper) by extensions ['ignore', 'ignore_ament_install']
[0.654s] Level 1:colcon.colcon_core.package_identification:_identify(src/third_party/zed-ros2-wrapper/zed_wrapper) by extension 'ignore'
[0.654s] Level 1:colcon.colcon_core.package_identification:_identify(src/third_party/zed-ros2-wrapper/zed_wrapper) by extension 'ignore_ament_install'
[0.654s] Level 1:colcon.colcon_core.package_identification:_identify(src/third_party/zed-ros2-wrapper/zed_wrapper) by extensions ['colcon_pkg']
[0.654s] Level 1:colcon.colcon_core.package_identification:_identify(src/third_party/zed-ros2-wrapper/zed_wrapper) by extension 'colcon_pkg'
[0.654s] Level 1:colcon.colcon_core.package_identification:_identify(src/third_party/zed-ros2-wrapper/zed_wrapper) by extensions ['colcon_meta']
[0.655s] Level 1:colcon.colcon_core.package_identification:_identify(src/third_party/zed-ros2-wrapper/zed_wrapper) by extension 'colcon_meta'
[0.655s] Level 1:colcon.colcon_core.package_identification:_identify(src/third_party/zed-ros2-wrapper/zed_wrapper) by extensions ['ros']
[0.655s] Level 1:colcon.colcon_core.package_identification:_identify(src/third_party/zed-ros2-wrapper/zed_wrapper) by extension 'ros'
[0.656s] DEBUG:colcon.colcon_core.package_identification:Package 'src/third_party/zed-ros2-wrapper/zed_wrapper' with type 'ros.ament_cmake' and name 'zed_wrapper'
[0.656s] Level 1:colcon.colcon_core.package_identification:_identify(src/ugv_perception) by extensions ['ignore', 'ignore_ament_install']
[0.656s] Level 1:colcon.colcon_core.package_identification:_identify(src/ugv_perception) by extension 'ignore'
[0.657s] Level 1:colcon.colcon_core.package_identification:_identify(src/ugv_perception) by extension 'ignore_ament_install'
[0.657s] Level 1:colcon.colcon_core.package_identification:_identify(src/ugv_perception) by extensions ['colcon_pkg']
[0.657s] Level 1:colcon.colcon_core.package_identification:_identify(src/ugv_perception) by extension 'colcon_pkg'
[0.657s] Level 1:colcon.colcon_core.package_identification:_identify(src/ugv_perception) by extensions ['colcon_meta']
[0.657s] Level 1:colcon.colcon_core.package_identification:_identify(src/ugv_perception) by extension 'colcon_meta'
[0.657s] Level 1:colcon.colcon_core.package_identification:_identify(src/ugv_perception) by extensions ['ros']
[0.657s] Level 1:colcon.colcon_core.package_identification:_identify(src/ugv_perception) by extension 'ros'
[0.658s] DEBUG:colcon.colcon_core.package_identification:Package 'src/ugv_perception' with type 'ros.ament_python' and name 'ugv_perception'
[0.658s] Level 1:colcon.colcon_core.package_discovery:discover_packages(recursive) using defaults
[0.658s] Level 1:colcon.colcon_core.package_discovery:discover_packages(ignore) discover
[0.658s] Level 1:colcon.colcon_core.package_discovery:discover_packages(ignore) using defaults
[0.658s] Level 1:colcon.colcon_core.package_discovery:discover_packages(path) discover
[0.658s] Level 1:colcon.colcon_core.package_discovery:discover_packages(path) using defaults
[0.731s] Level 1:colcon.colcon_core.package_discovery:discover_packages(prefix_path) check parameters
[0.731s] Level 1:colcon.colcon_core.package_discovery:discover_packages(prefix_path) discover
[0.736s] DEBUG:colcon.colcon_installed_package_information.package_discovery:Found 4 installed packages in /home/bluelule/ugv_project/ros2_ws/install
[0.738s] DEBUG:colcon.colcon_installed_package_information.package_discovery:Found 282 installed packages in /opt/ros/humble
[0.740s] Level 1:colcon.colcon_core.package_discovery:discover_packages(prefix_path) using defaults
[0.808s] Level 5:colcon.colcon_core.verb:set package 'rplidar_ros' build argument 'cmake_args' from command line to 'None'
[0.808s] Level 5:colcon.colcon_core.verb:set package 'rplidar_ros' build argument 'cmake_target' from command line to 'None'
[0.808s] Level 5:colcon.colcon_core.verb:set package 'rplidar_ros' build argument 'cmake_target_skip_unavailable' from command line to 'False'
[0.808s] Level 5:colcon.colcon_core.verb:set package 'rplidar_ros' build argument 'cmake_clean_cache' from command line to 'False'
[0.808s] Level 5:colcon.colcon_core.verb:set package 'rplidar_ros' build argument 'cmake_clean_first' from command line to 'False'
[0.809s] Level 5:colcon.colcon_core.verb:set package 'rplidar_ros' build argument 'cmake_force_configure' from command line to 'False'
[0.809s] Level 5:colcon.colcon_core.verb:set package 'rplidar_ros' build argument 'ament_cmake_args' from command line to 'None'
[0.809s] Level 5:colcon.colcon_core.verb:set package 'rplidar_ros' build argument 'catkin_cmake_args' from command line to 'None'
[0.809s] Level 5:colcon.colcon_core.verb:set package 'rplidar_ros' build argument 'catkin_skip_building_tests' from command line to 'False'
[0.809s] DEBUG:colcon.colcon_core.verb:Building package 'rplidar_ros' with the following arguments: {'ament_cmake_args': None, 'build_base': '/home/bluelule/ugv_project/ros2_ws/build/rplidar_ros', 'catkin_cmake_args': None, 'catkin_skip_building_tests': False, 'cmake_args': None, 'cmake_clean_cache': False, 'cmake_clean_first': False, 'cmake_force_configure': False, 'cmake_target': None, 'cmake_target_skip_unavailable': False, 'install_base': '/home/bluelule/ugv_project/ros2_ws/install/rplidar_ros', 'merge_install': False, 'path': '/home/bluelule/ugv_project/ros2_ws/rplidar_ros', 'symlink_install': True, 'test_result_base': None}
[0.809s] Level 5:colcon.colcon_core.verb:set package 'ugv_perception' build argument 'cmake_args' from command line to 'None'
[0.809s] Level 5:colcon.colcon_core.verb:set package 'ugv_perception' build argument 'cmake_target' from command line to 'None'
[0.809s] Level 5:colcon.colcon_core.verb:set package 'ugv_perception' build argument 'cmake_target_skip_unavailable' from command line to 'False'
[0.810s] Level 5:colcon.colcon_core.verb:set package 'ugv_perception' build argument 'cmake_clean_cache' from command line to 'False'
[0.810s] Level 5:colcon.colcon_core.verb:set package 'ugv_perception' build argument 'cmake_clean_first' from command line to 'False'
[0.810s] Level 5:colcon.colcon_core.verb:set package 'ugv_perception' build argument 'cmake_force_configure' from command line to 'False'
[0.810s] Level 5:colcon.colcon_core.verb:set package 'ugv_perception' build argument 'ament_cmake_args' from command line to 'None'
[0.810s] Level 5:colcon.colcon_core.verb:set package 'ugv_perception' build argument 'catkin_cmake_args' from command line to 'None'
[0.810s] Level 5:colcon.colcon_core.verb:set package 'ugv_perception' build argument 'catkin_skip_building_tests' from command line to 'False'
[0.810s] DEBUG:colcon.colcon_core.verb:Building package 'ugv_perception' with the following arguments: {'ament_cmake_args': None, 'build_base': '/home/bluelule/ugv_project/ros2_ws/build/ugv_perception', 'catkin_cmake_args': None, 'catkin_skip_building_tests': False, 'cmake_args': None, 'cmake_clean_cache': False, 'cmake_clean_first': False, 'cmake_force_configure': False, 'cmake_target': None, 'cmake_target_skip_unavailable': False, 'install_base': '/home/bluelule/ugv_project/ros2_ws/install/ugv_perception', 'merge_install': False, 'path': '/home/bluelule/ugv_project/ros2_ws/src/ugv_perception', 'symlink_install': True, 'test_result_base': None}
[0.810s] Level 5:colcon.colcon_core.verb:set package 'zed_components' build argument 'cmake_args' from command line to 'None'
[0.810s] Level 5:colcon.colcon_core.verb:set package 'zed_components' build argument 'cmake_target' from command line to 'None'
[0.810s] Level 5:colcon.colcon_core.verb:set package 'zed_components' build argument 'cmake_target_skip_unavailable' from command line to 'False'
[0.810s] Level 5:colcon.colcon_core.verb:set package 'zed_components' build argument 'cmake_clean_cache' from command line to 'False'
[0.811s] Level 5:colcon.colcon_core.verb:set package 'zed_components' build argument 'cmake_clean_first' from command line to 'False'
[0.811s] Level 5:colcon.colcon_core.verb:set package 'zed_components' build argument 'cmake_force_configure' from command line to 'False'
[0.811s] Level 5:colcon.colcon_core.verb:set package 'zed_components' build argument 'ament_cmake_args' from command line to 'None'
[0.811s] Level 5:colcon.colcon_core.verb:set package 'zed_components' build argument 'catkin_cmake_args' from command line to 'None'
[0.811s] Level 5:colcon.colcon_core.verb:set package 'zed_components' build argument 'catkin_skip_building_tests' from command line to 'False'
[0.811s] DEBUG:colcon.colcon_core.verb:Building package 'zed_components' with the following arguments: {'ament_cmake_args': None, 'build_base': '/home/bluelule/ugv_project/ros2_ws/build/zed_components', 'catkin_cmake_args': None, 'catkin_skip_building_tests': False, 'cmake_args': None, 'cmake_clean_cache': False, 'cmake_clean_first': False, 'cmake_force_configure': False, 'cmake_target': None, 'cmake_target_skip_unavailable': False, 'install_base': '/home/bluelule/ugv_project/ros2_ws/install/zed_components', 'merge_install': False, 'path': '/home/bluelule/ugv_project/ros2_ws/src/third_party/zed-ros2-wrapper/zed_components', 'symlink_install': True, 'test_result_base': None}
[0.811s] Level 5:colcon.colcon_core.verb:set package 'zed_wrapper' build argument 'cmake_args' from command line to 'None'
[0.811s] Level 5:colcon.colcon_core.verb:set package 'zed_wrapper' build argument 'cmake_target' from command line to 'None'
[0.811s] Level 5:colcon.colcon_core.verb:set package 'zed_wrapper' build argument 'cmake_target_skip_unavailable' from command line to 'False'
[0.811s] Level 5:colcon.colcon_core.verb:set package 'zed_wrapper' build argument 'cmake_clean_cache' from command line to 'False'
[0.811s] Level 5:colcon.colcon_core.verb:set package 'zed_wrapper' build argument 'cmake_clean_first' from command line to 'False'
[0.811s] Level 5:colcon.colcon_core.verb:set package 'zed_wrapper' build argument 'cmake_force_configure' from command line to 'False'
[0.812s] Level 5:colcon.colcon_core.verb:set package 'zed_wrapper' build argument 'ament_cmake_args' from command line to 'None'
[0.812s] Level 5:colcon.colcon_core.verb:set package 'zed_wrapper' build argument 'catkin_cmake_args' from command line to 'None'
[0.812s] Level 5:colcon.colcon_core.verb:set package 'zed_wrapper' build argument 'catkin_skip_building_tests' from command line to 'False'
[0.812s] DEBUG:colcon.colcon_core.verb:Building package 'zed_wrapper' with the following arguments: {'ament_cmake_args': None, 'build_base': '/home/bluelule/ugv_project/ros2_ws/build/zed_wrapper', 'catkin_cmake_args': None, 'catkin_skip_building_tests': False, 'cmake_args': None, 'cmake_clean_cache': False, 'cmake_clean_first': False, 'cmake_force_configure': False, 'cmake_target': None, 'cmake_target_skip_unavailable': False, 'install_base': '/home/bluelule/ugv_project/ros2_ws/install/zed_wrapper', 'merge_install': False, 'path': '/home/bluelule/ugv_project/ros2_ws/src/third_party/zed-ros2-wrapper/zed_wrapper', 'symlink_install': True, 'test_result_base': None}
[0.812s] Level 5:colcon.colcon_core.verb:set package 'zed_ros2' build argument 'cmake_args' from command line to 'None'
[0.812s] Level 5:colcon.colcon_core.verb:set package 'zed_ros2' build argument 'cmake_target' from command line to 'None'
[0.812s] Level 5:colcon.colcon_core.verb:set package 'zed_ros2' build argument 'cmake_target_skip_unavailable' from command line to 'False'
[0.812s] Level 5:colcon.colcon_core.verb:set package 'zed_ros2' build argument 'cmake_clean_cache' from command line to 'False'
[0.812s] Level 5:colcon.colcon_core.verb:set package 'zed_ros2' build argument 'cmake_clean_first' from command line to 'False'
[0.812s] Level 5:colcon.colcon_core.verb:set package 'zed_ros2' build argument 'cmake_force_configure' from command line to 'False'
[0.812s] Level 5:colcon.colcon_core.verb:set package 'zed_ros2' build argument 'ament_cmake_args' from command line to 'None'
[0.812s] Level 5:colcon.colcon_core.verb:set package 'zed_ros2' build argument 'catkin_cmake_args' from command line to 'None'
[0.812s] Level 5:colcon.colcon_core.verb:set package 'zed_ros2' build argument 'catkin_skip_building_tests' from command line to 'False'
[0.813s] DEBUG:colcon.colcon_core.verb:Building package 'zed_ros2' with the following arguments: {'ament_cmake_args': None, 'build_base': '/home/bluelule/ugv_project/ros2_ws/build/zed_ros2', 'catkin_cmake_args': None, 'catkin_skip_building_tests': False, 'cmake_args': None, 'cmake_clean_cache': False, 'cmake_clean_first': False, 'cmake_force_configure': False, 'cmake_target': None, 'cmake_target_skip_unavailable': False, 'install_base': '/home/bluelule/ugv_project/ros2_ws/install/zed_ros2', 'merge_install': False, 'path': '/home/bluelule/ugv_project/ros2_ws/src/third_party/zed-ros2-wrapper/zed_ros2', 'symlink_install': True, 'test_result_base': None}
[0.813s] INFO:colcon.colcon_core.executor:Executing jobs using 'parallel' executor
[0.815s] DEBUG:colcon.colcon_parallel_executor.executor.parallel:run_until_complete
[0.815s] INFO:colcon.colcon_ros.task.ament_cmake.build:Building ROS package in '/home/bluelule/ugv_project/ros2_ws/src/third_party/zed-ros2-wrapper/zed_components' with build type 'ament_cmake'
[0.816s] INFO:colcon.colcon_cmake.task.cmake.build:Building CMake package in '/home/bluelule/ugv_project/ros2_ws/src/third_party/zed-ros2-wrapper/zed_components'
[0.822s] INFO:colcon.colcon_core.plugin_system:Skipping extension 'colcon_core.shell.bat': Not used on non-Windows systems
[0.822s] INFO:colcon.colcon_core.shell:Skip shell extension 'powershell' for command environment: Not usable outside of PowerShell
[0.822s] DEBUG:colcon.colcon_core.shell:Skip shell extension 'dsv' for command environment
[0.829s] INFO:colcon.colcon_ros.task.ament_cmake.build:Building ROS package in '/home/bluelule/ugv_project/ros2_ws/rplidar_ros' with build type 'ament_cmake'
[0.829s] INFO:colcon.colcon_cmake.task.cmake.build:Building CMake package in '/home/bluelule/ugv_project/ros2_ws/rplidar_ros'
[0.830s] INFO:colcon.colcon_core.shell:Skip shell extension 'powershell' for command environment: Not usable outside of PowerShell
[0.830s] DEBUG:colcon.colcon_core.shell:Skip shell extension 'dsv' for command environment
[0.836s] INFO:colcon.colcon_ros.task.ament_python.build:Building ROS package in '/home/bluelule/ugv_project/ros2_ws/src/ugv_perception' with build type 'ament_python'
[0.836s] Level 1:colcon.colcon_core.shell:create_environment_hook('ugv_perception', 'ament_prefix_path')
[0.837s] INFO:colcon.colcon_core.shell:Creating environment hook '/home/bluelule/ugv_project/ros2_ws/install/ugv_perception/share/ugv_perception/hook/ament_prefix_path.ps1'
[0.839s] INFO:colcon.colcon_core.shell:Creating environment descriptor '/home/bluelule/ugv_project/ros2_ws/install/ugv_perception/share/ugv_perception/hook/ament_prefix_path.dsv'
[0.840s] INFO:colcon.colcon_core.shell:Creating environment hook '/home/bluelule/ugv_project/ros2_ws/install/ugv_perception/share/ugv_perception/hook/ament_prefix_path.sh'
[0.841s] INFO:colcon.colcon_core.shell:Skip shell extension 'powershell' for command environment: Not usable outside of PowerShell
[0.841s] DEBUG:colcon.colcon_core.shell:Skip shell extension 'dsv' for command environment
[0.854s] DEBUG:colcon.colcon_core.event_handler.log_command:Invoking command in '/home/bluelule/ugv_project/ros2_ws/build/zed_components': CMAKE_PREFIX_PATH=${CMAKE_PREFIX_PATH}:/home/bluelule/ugv_project/ros2_ws/install/ugv_perception:/opt/ros/humble /usr/bin/cmake --build /home/bluelule/ugv_project/ros2_ws/build/zed_components -- -j6 -l6
[0.862s] DEBUG:colcon.colcon_core.event_handler.log_command:Invoking command in '/home/bluelule/ugv_project/ros2_ws/build/rplidar_ros': CMAKE_PREFIX_PATH=${CMAKE_PREFIX_PATH}:/home/bluelule/ugv_project/ros2_ws/install/ugv_perception:/opt/ros/humble /usr/bin/cmake /home/bluelule/ugv_project/ros2_ws/rplidar_ros -DAMENT_CMAKE_SYMLINK_INSTALL=1 -DCMAKE_INSTALL_PREFIX=/home/bluelule/ugv_project/ros2_ws/install/rplidar_ros
[1.355s] INFO:colcon.colcon_core.task.python.build:Building Python package in '/home/bluelule/ugv_project/ros2_ws/src/ugv_perception'
[1.355s] INFO:colcon.colcon_core.shell:Skip shell extension 'powershell' for command environment: Not usable outside of PowerShell
[1.355s] DEBUG:colcon.colcon_core.shell:Skip shell extension 'dsv' for command environment
[1.364s] DEBUG:colcon.colcon_core.event_handler.log_command:Invoked command in '/home/bluelule/ugv_project/ros2_ws/build/zed_components' returned '0': CMAKE_PREFIX_PATH=${CMAKE_PREFIX_PATH}:/home/bluelule/ugv_project/ros2_ws/install/ugv_perception:/opt/ros/humble /usr/bin/cmake --build /home/bluelule/ugv_project/ros2_ws/build/zed_components -- -j6 -l6
[1.384s] DEBUG:colcon.colcon_core.event_handler.log_command:Invoking command in '/home/bluelule/ugv_project/ros2_ws/build/zed_components': CMAKE_PREFIX_PATH=${CMAKE_PREFIX_PATH}:/home/bluelule/ugv_project/ros2_ws/install/ugv_perception:/opt/ros/humble /usr/bin/cmake --install /home/bluelule/ugv_project/ros2_ws/build/zed_components
[1.430s] Level 1:colcon.colcon_core.environment:create_environment_scripts_only(zed_components)
[1.431s] DEBUG:colcon.colcon_core.event_handler.log_command:Invoked command in '/home/bluelule/ugv_project/ros2_ws/build/zed_components' returned '0': CMAKE_PREFIX_PATH=${CMAKE_PREFIX_PATH}:/home/bluelule/ugv_project/ros2_ws/install/ugv_perception:/opt/ros/humble /usr/bin/cmake --install /home/bluelule/ugv_project/ros2_ws/build/zed_components
[1.439s] Level 1:colcon.colcon_core.environment:checking '/home/bluelule/ugv_project/ros2_ws/install/zed_components' for CMake module files
[1.440s] Level 1:colcon.colcon_core.environment:checking '/home/bluelule/ugv_project/ros2_ws/install/zed_components' for CMake config files
[1.441s] Level 1:colcon.colcon_core.shell:create_environment_hook('zed_components', 'cmake_prefix_path')
[1.441s] INFO:colcon.colcon_core.shell:Creating environment hook '/home/bluelule/ugv_project/ros2_ws/install/zed_components/share/zed_components/hook/cmake_prefix_path.ps1'
[1.442s] INFO:colcon.colcon_core.shell:Creating environment descriptor '/home/bluelule/ugv_project/ros2_ws/install/zed_components/share/zed_components/hook/cmake_prefix_path.dsv'
[1.444s] INFO:colcon.colcon_core.shell:Creating environment hook '/home/bluelule/ugv_project/ros2_ws/install/zed_components/share/zed_components/hook/cmake_prefix_path.sh'
[1.446s] Level 1:colcon.colcon_core.environment:checking '/home/bluelule/ugv_project/ros2_ws/install/zed_components/lib'
[1.446s] Level 1:colcon.colcon_core.shell:create_environment_hook('zed_components', 'ld_library_path_lib')
[1.447s] INFO:colcon.colcon_core.shell:Creating environment hook '/home/bluelule/ugv_project/ros2_ws/install/zed_components/share/zed_components/hook/ld_library_path_lib.ps1'
[1.449s] INFO:colcon.colcon_core.shell:Creating environment descriptor '/home/bluelule/ugv_project/ros2_ws/install/zed_components/share/zed_components/hook/ld_library_path_lib.dsv'
[1.450s] INFO:colcon.colcon_core.shell:Creating environment hook '/home/bluelule/ugv_project/ros2_ws/install/zed_components/share/zed_components/hook/ld_library_path_lib.sh'
[1.450s] Level 1:colcon.colcon_core.environment:checking '/home/bluelule/ugv_project/ros2_ws/install/zed_components/bin'
[1.451s] Level 1:colcon.colcon_core.environment:checking '/home/bluelule/ugv_project/ros2_ws/install/zed_components/lib/pkgconfig/zed_components.pc'
[1.451s] Level 1:colcon.colcon_core.environment:checking '/home/bluelule/ugv_project/ros2_ws/install/zed_components/lib/python3.10/site-packages'
[1.452s] Level 1:colcon.colcon_core.environment:checking '/home/bluelule/ugv_project/ros2_ws/install/zed_components/bin'
[1.452s] INFO:colcon.colcon_core.shell:Creating package script '/home/bluelule/ugv_project/ros2_ws/install/zed_components/share/zed_components/package.ps1'
[1.455s] INFO:colcon.colcon_core.shell:Creating package descriptor '/home/bluelule/ugv_project/ros2_ws/install/zed_components/share/zed_components/package.dsv'
[1.456s] INFO:colcon.colcon_core.shell:Creating package script '/home/bluelule/ugv_project/ros2_ws/install/zed_components/share/zed_components/package.sh'
[1.458s] INFO:colcon.colcon_core.shell:Creating package script '/home/bluelule/ugv_project/ros2_ws/install/zed_components/share/zed_components/package.bash'
[1.460s] INFO:colcon.colcon_core.shell:Creating package script '/home/bluelule/ugv_project/ros2_ws/install/zed_components/share/zed_components/package.zsh'
[1.462s] Level 1:colcon.colcon_core.environment:create_file_with_runtime_dependencies(/home/bluelule/ugv_project/ros2_ws/install/zed_components/share/colcon-core/packages/zed_components)
[1.463s] Level 1:colcon.colcon_core.environment:create_environment_scripts_only(zed_components)
[1.463s] Level 1:colcon.colcon_core.environment:checking '/home/bluelule/ugv_project/ros2_ws/install/zed_components' for CMake module files
[1.464s] Level 1:colcon.colcon_core.environment:checking '/home/bluelule/ugv_project/ros2_ws/install/zed_components' for CMake config files
[1.465s] Level 1:colcon.colcon_core.shell:create_environment_hook('zed_components', 'cmake_prefix_path')
[1.465s] INFO:colcon.colcon_core.shell:Creating environment hook '/home/bluelule/ugv_project/ros2_ws/install/zed_components/share/zed_components/hook/cmake_prefix_path.ps1'
[1.466s] INFO:colcon.colcon_core.shell:Creating environment descriptor '/home/bluelule/ugv_project/ros2_ws/install/zed_components/share/zed_components/hook/cmake_prefix_path.dsv'
[1.467s] INFO:colcon.colcon_core.shell:Creating environment hook '/home/bluelule/ugv_project/ros2_ws/install/zed_components/share/zed_components/hook/cmake_prefix_path.sh'
[1.468s] Level 1:colcon.colcon_core.environment:checking '/home/bluelule/ugv_project/ros2_ws/install/zed_components/lib'
[1.468s] Level 1:colcon.colcon_core.shell:create_environment_hook('zed_components', 'ld_library_path_lib')
[1.468s] INFO:colcon.colcon_core.shell:Creating environment hook '/home/bluelule/ugv_project/ros2_ws/install/zed_components/share/zed_components/hook/ld_library_path_lib.ps1'
[1.469s] INFO:colcon.colcon_core.shell:Creating environment descriptor '/home/bluelule/ugv_project/ros2_ws/install/zed_components/share/zed_components/hook/ld_library_path_lib.dsv'
[1.470s] INFO:colcon.colcon_core.shell:Creating environment hook '/home/bluelule/ugv_project/ros2_ws/install/zed_components/share/zed_components/hook/ld_library_path_lib.sh'
[1.471s] Level 1:colcon.colcon_core.environment:checking '/home/bluelule/ugv_project/ros2_ws/install/zed_components/bin'
[1.471s] Level 1:colcon.colcon_core.environment:checking '/home/bluelule/ugv_project/ros2_ws/install/zed_components/lib/pkgconfig/zed_components.pc'
[1.471s] Level 1:colcon.colcon_core.environment:checking '/home/bluelule/ugv_project/ros2_ws/install/zed_components/lib/python3.10/site-packages'
[1.472s] Level 1:colcon.colcon_core.environment:checking '/home/bluelule/ugv_project/ros2_ws/install/zed_components/bin'
[1.472s] INFO:colcon.colcon_core.shell:Creating package script '/home/bluelule/ugv_project/ros2_ws/install/zed_components/share/zed_components/package.ps1'
[1.473s] INFO:colcon.colcon_core.shell:Creating package descriptor '/home/bluelule/ugv_project/ros2_ws/install/zed_components/share/zed_components/package.dsv'
[1.474s] INFO:colcon.colcon_core.shell:Creating package script '/home/bluelule/ugv_project/ros2_ws/install/zed_components/share/zed_components/package.sh'
[1.475s] INFO:colcon.colcon_core.shell:Creating package script '/home/bluelule/ugv_project/ros2_ws/install/zed_components/share/zed_components/package.bash'
[1.476s] INFO:colcon.colcon_core.shell:Creating package script '/home/bluelule/ugv_project/ros2_ws/install/zed_components/share/zed_components/package.zsh'
[1.477s] Level 1:colcon.colcon_core.environment:create_file_with_runtime_dependencies(/home/bluelule/ugv_project/ros2_ws/install/zed_components/share/colcon-core/packages/zed_components)
[1.478s] INFO:colcon.colcon_ros.task.ament_cmake.build:Building ROS package in '/home/bluelule/ugv_project/ros2_ws/src/third_party/zed-ros2-wrapper/zed_wrapper' with build type 'ament_cmake'
[1.478s] INFO:colcon.colcon_cmake.task.cmake.build:Building CMake package in '/home/bluelule/ugv_project/ros2_ws/src/third_party/zed-ros2-wrapper/zed_wrapper'
[1.479s] INFO:colcon.colcon_core.shell:Skip shell extension 'powershell' for command environment: Not usable outside of PowerShell
[1.479s] DEBUG:colcon.colcon_core.shell:Skip shell extension 'dsv' for command environment
[1.499s] DEBUG:colcon.colcon_core.event_handler.log_command:Invoking command in '/home/bluelule/ugv_project/ros2_ws/build/zed_wrapper': CMAKE_PREFIX_PATH=/home/bluelule/ugv_project/ros2_ws/install/zed_components:/home/bluelule/ugv_project/ros2_ws/install/zed_ros2:/home/bluelule/ugv_project/ros2_ws/install/zed_wrapper:/home/bluelule/ugv_project/ros2_ws/install/ugv_perception:/opt/ros/humble LD_LIBRARY_PATH=/home/bluelule/ugv_project/ros2_ws/install/zed_components/lib:/opt/ros/humble/opt/rviz_ogre_vendor/lib:/opt/ros/humble/lib/aarch64-linux-gnu:/opt/ros/humble/lib:/usr/local/cuda-12.6/lib64 /usr/bin/cmake --build /home/bluelule/ugv_project/ros2_ws/build/zed_wrapper -- -j6 -l6
[1.574s] DEBUG:colcon.colcon_core.event_handler.log_command:Invoked command in '/home/bluelule/ugv_project/ros2_ws/build/zed_wrapper' returned '0': CMAKE_PREFIX_PATH=/home/bluelule/ugv_project/ros2_ws/install/zed_components:/home/bluelule/ugv_project/ros2_ws/install/zed_ros2:/home/bluelule/ugv_project/ros2_ws/install/zed_wrapper:/home/bluelule/ugv_project/ros2_ws/install/ugv_perception:/opt/ros/humble LD_LIBRARY_PATH=/home/bluelule/ugv_project/ros2_ws/install/zed_components/lib:/opt/ros/humble/opt/rviz_ogre_vendor/lib:/opt/ros/humble/lib/aarch64-linux-gnu:/opt/ros/humble/lib:/usr/local/cuda-12.6/lib64 /usr/bin/cmake --build /home/bluelule/ugv_project/ros2_ws/build/zed_wrapper -- -j6 -l6
[1.577s] DEBUG:colcon.colcon_core.event_handler.log_command:Invoking command in '/home/bluelule/ugv_project/ros2_ws/build/zed_wrapper': CMAKE_PREFIX_PATH=/home/bluelule/ugv_project/ros2_ws/install/zed_components:/home/bluelule/ugv_project/ros2_ws/install/zed_ros2:/home/bluelule/ugv_project/ros2_ws/install/zed_wrapper:/home/bluelule/ugv_project/ros2_ws/install/ugv_perception:/opt/ros/humble LD_LIBRARY_PATH=/home/bluelule/ugv_project/ros2_ws/install/zed_components/lib:/opt/ros/humble/opt/rviz_ogre_vendor/lib:/opt/ros/humble/lib/aarch64-linux-gnu:/opt/ros/humble/lib:/usr/local/cuda-12.6/lib64 /usr/bin/cmake --install /home/bluelule/ugv_project/ros2_ws/build/zed_wrapper
[1.628s] Level 1:colcon.colcon_core.environment:create_environment_scripts_only(zed_wrapper)
[1.629s] Level 1:colcon.colcon_core.environment:checking '/home/bluelule/ugv_project/ros2_ws/install/zed_wrapper' for CMake module files
[1.631s] DEBUG:colcon.colcon_core.event_handler.log_command:Invoked command in '/home/bluelule/ugv_project/ros2_ws/build/zed_wrapper' returned '0': CMAKE_PREFIX_PATH=/home/bluelule/ugv_project/ros2_ws/install/zed_components:/home/bluelule/ugv_project/ros2_ws/install/zed_ros2:/home/bluelule/ugv_project/ros2_ws/install/zed_wrapper:/home/bluelule/ugv_project/ros2_ws/install/ugv_perception:/opt/ros/humble LD_LIBRARY_PATH=/home/bluelule/ugv_project/ros2_ws/install/zed_components/lib:/opt/ros/humble/opt/rviz_ogre_vendor/lib:/opt/ros/humble/lib/aarch64-linux-gnu:/opt/ros/humble/lib:/usr/local/cuda-12.6/lib64 /usr/bin/cmake --install /home/bluelule/ugv_project/ros2_ws/build/zed_wrapper
[1.631s] Level 1:colcon.colcon_core.environment:checking '/home/bluelule/ugv_project/ros2_ws/install/zed_wrapper' for CMake config files
[1.632s] Level 1:colcon.colcon_core.shell:create_environment_hook('zed_wrapper', 'cmake_prefix_path')
[1.633s] INFO:colcon.colcon_core.shell:Creating environment hook '/home/bluelule/ugv_project/ros2_ws/install/zed_wrapper/share/zed_wrapper/hook/cmake_prefix_path.ps1'
[1.634s] INFO:colcon.colcon_core.shell:Creating environment descriptor '/home/bluelule/ugv_project/ros2_ws/install/zed_wrapper/share/zed_wrapper/hook/cmake_prefix_path.dsv'
[1.635s] INFO:colcon.colcon_core.shell:Creating environment hook '/home/bluelule/ugv_project/ros2_ws/install/zed_wrapper/share/zed_wrapper/hook/cmake_prefix_path.sh'
[1.636s] Level 1:colcon.colcon_core.environment:checking '/home/bluelule/ugv_project/ros2_ws/install/zed_wrapper/bin'
[1.636s] Level 1:colcon.colcon_core.environment:checking '/home/bluelule/ugv_project/ros2_ws/install/zed_wrapper/lib/pkgconfig/zed_wrapper.pc'
[1.637s] Level 1:colcon.colcon_core.environment:checking '/home/bluelule/ugv_project/ros2_ws/install/zed_wrapper/lib/python3.10/site-packages'
[1.638s] Level 1:colcon.colcon_core.environment:checking '/home/bluelule/ugv_project/ros2_ws/install/zed_wrapper/bin'
[1.638s] INFO:colcon.colcon_core.shell:Creating package script '/home/bluelule/ugv_project/ros2_ws/install/zed_wrapper/share/zed_wrapper/package.ps1'
[1.639s] INFO:colcon.colcon_core.shell:Creating package descriptor '/home/bluelule/ugv_project/ros2_ws/install/zed_wrapper/share/zed_wrapper/package.dsv'
[1.640s] INFO:colcon.colcon_core.shell:Creating package script '/home/bluelule/ugv_project/ros2_ws/install/zed_wrapper/share/zed_wrapper/package.sh'
[1.641s] INFO:colcon.colcon_core.shell:Creating package script '/home/bluelule/ugv_project/ros2_ws/install/zed_wrapper/share/zed_wrapper/package.bash'
[1.642s] INFO:colcon.colcon_core.shell:Creating package script '/home/bluelule/ugv_project/ros2_ws/install/zed_wrapper/share/zed_wrapper/package.zsh'
[1.643s] Level 1:colcon.colcon_core.environment:create_file_with_runtime_dependencies(/home/bluelule/ugv_project/ros2_ws/install/zed_wrapper/share/colcon-core/packages/zed_wrapper)
[1.644s] Level 1:colcon.colcon_core.environment:create_environment_scripts_only(zed_wrapper)
[1.644s] Level 1:colcon.colcon_core.environment:checking '/home/bluelule/ugv_project/ros2_ws/install/zed_wrapper' for CMake module files
[1.645s] Level 1:colcon.colcon_core.environment:checking '/home/bluelule/ugv_project/ros2_ws/install/zed_wrapper' for CMake config files
[1.646s] Level 1:colcon.colcon_core.shell:create_environment_hook('zed_wrapper', 'cmake_prefix_path')
[1.646s] INFO:colcon.colcon_core.shell:Creating environment hook '/home/bluelule/ugv_project/ros2_ws/install/zed_wrapper/share/zed_wrapper/hook/cmake_prefix_path.ps1'
[1.647s] INFO:colcon.colcon_core.shell:Creating environment descriptor '/home/bluelule/ugv_project/ros2_ws/install/zed_wrapper/share/zed_wrapper/hook/cmake_prefix_path.dsv'
[1.648s] INFO:colcon.colcon_core.shell:Creating environment hook '/home/bluelule/ugv_project/ros2_ws/install/zed_wrapper/share/zed_wrapper/hook/cmake_prefix_path.sh'
[1.649s] Level 1:colcon.colcon_core.environment:checking '/home/bluelule/ugv_project/ros2_ws/install/zed_wrapper/bin'
[1.650s] Level 1:colcon.colcon_core.environment:checking '/home/bluelule/ugv_project/ros2_ws/install/zed_wrapper/lib/pkgconfig/zed_wrapper.pc'
[1.650s] Level 1:colcon.colcon_core.environment:checking '/home/bluelule/ugv_project/ros2_ws/install/zed_wrapper/lib/python3.10/site-packages'
[1.651s] Level 1:colcon.colcon_core.environment:checking '/home/bluelule/ugv_project/ros2_ws/install/zed_wrapper/bin'
[1.651s] INFO:colcon.colcon_core.shell:Creating package script '/home/bluelule/ugv_project/ros2_ws/install/zed_wrapper/share/zed_wrapper/package.ps1'
[1.652s] INFO:colcon.colcon_core.shell:Creating package descriptor '/home/bluelule/ugv_project/ros2_ws/install/zed_wrapper/share/zed_wrapper/package.dsv'
[1.654s] INFO:colcon.colcon_core.shell:Creating package script '/home/bluelule/ugv_project/ros2_ws/install/zed_wrapper/share/zed_wrapper/package.sh'
[1.655s] INFO:colcon.colcon_core.shell:Creating package script '/home/bluelule/ugv_project/ros2_ws/install/zed_wrapper/share/zed_wrapper/package.bash'
[1.656s] INFO:colcon.colcon_core.shell:Creating package script '/home/bluelule/ugv_project/ros2_ws/install/zed_wrapper/share/zed_wrapper/package.zsh'
[1.657s] Level 1:colcon.colcon_core.environment:create_file_with_runtime_dependencies(/home/bluelule/ugv_project/ros2_ws/install/zed_wrapper/share/colcon-core/packages/zed_wrapper)
[1.658s] INFO:colcon.colcon_ros.task.ament_cmake.build:Building ROS package in '/home/bluelule/ugv_project/ros2_ws/src/third_party/zed-ros2-wrapper/zed_ros2' with build type 'ament_cmake'
[1.658s] INFO:colcon.colcon_cmake.task.cmake.build:Building CMake package in '/home/bluelule/ugv_project/ros2_ws/src/third_party/zed-ros2-wrapper/zed_ros2'
[1.659s] INFO:colcon.colcon_core.shell:Skip shell extension 'powershell' for command environment: Not usable outside of PowerShell
[1.659s] DEBUG:colcon.colcon_core.shell:Skip shell extension 'dsv' for command environment
[1.683s] DEBUG:colcon.colcon_core.event_handler.log_command:Invoking command in '/home/bluelule/ugv_project/ros2_ws/build/zed_ros2': CMAKE_PREFIX_PATH=/home/bluelule/ugv_project/ros2_ws/install/zed_wrapper:/home/bluelule/ugv_project/ros2_ws/install/zed_components:/home/bluelule/ugv_project/ros2_ws/install/zed_ros2:/home/bluelule/ugv_project/ros2_ws/install/ugv_perception:/opt/ros/humble LD_LIBRARY_PATH=/home/bluelule/ugv_project/ros2_ws/install/zed_components/lib:/opt/ros/humble/opt/rviz_ogre_vendor/lib:/opt/ros/humble/lib/aarch64-linux-gnu:/opt/ros/humble/lib:/usr/local/cuda-12.6/lib64 /usr/bin/cmake --build /home/bluelule/ugv_project/ros2_ws/build/zed_ros2 -- -j6 -l6
[1.758s] DEBUG:colcon.colcon_core.event_handler.log_command:Invoked command in '/home/bluelule/ugv_project/ros2_ws/build/zed_ros2' returned '0': CMAKE_PREFIX_PATH=/home/bluelule/ugv_project/ros2_ws/install/zed_wrapper:/home/bluelule/ugv_project/ros2_ws/install/zed_components:/home/bluelule/ugv_project/ros2_ws/install/zed_ros2:/home/bluelule/ugv_project/ros2_ws/install/ugv_perception:/opt/ros/humble LD_LIBRARY_PATH=/home/bluelule/ugv_project/ros2_ws/install/zed_components/lib:/opt/ros/humble/opt/rviz_ogre_vendor/lib:/opt/ros/humble/lib/aarch64-linux-gnu:/opt/ros/humble/lib:/usr/local/cuda-12.6/lib64 /usr/bin/cmake --build /home/bluelule/ugv_project/ros2_ws/build/zed_ros2 -- -j6 -l6
[1.761s] DEBUG:colcon.colcon_core.event_handler.log_command:Invoking command in '/home/bluelule/ugv_project/ros2_ws/build/zed_ros2': CMAKE_PREFIX_PATH=/home/bluelule/ugv_project/ros2_ws/install/zed_wrapper:/home/bluelule/ugv_project/ros2_ws/install/zed_components:/home/bluelule/ugv_project/ros2_ws/install/zed_ros2:/home/bluelule/ugv_project/ros2_ws/install/ugv_perception:/opt/ros/humble LD_LIBRARY_PATH=/home/bluelule/ugv_project/ros2_ws/install/zed_components/lib:/opt/ros/humble/opt/rviz_ogre_vendor/lib:/opt/ros/humble/lib/aarch64-linux-gnu:/opt/ros/humble/lib:/usr/local/cuda-12.6/lib64 /usr/bin/cmake --install /home/bluelule/ugv_project/ros2_ws/build/zed_ros2
[1.802s] Level 1:colcon.colcon_core.environment:create_environment_scripts_only(zed_ros2)
[1.803s] Level 1:colcon.colcon_core.environment:checking '/home/bluelule/ugv_project/ros2_ws/install/zed_ros2' for CMake module files
[1.804s] DEBUG:colcon.colcon_core.event_handler.log_command:Invoked command in '/home/bluelule/ugv_project/ros2_ws/build/zed_ros2' returned '0': CMAKE_PREFIX_PATH=/home/bluelule/ugv_project/ros2_ws/install/zed_wrapper:/home/bluelule/ugv_project/ros2_ws/install/zed_components:/home/bluelule/ugv_project/ros2_ws/install/zed_ros2:/home/bluelule/ugv_project/ros2_ws/install/ugv_perception:/opt/ros/humble LD_LIBRARY_PATH=/home/bluelule/ugv_project/ros2_ws/install/zed_components/lib:/opt/ros/humble/opt/rviz_ogre_vendor/lib:/opt/ros/humble/lib/aarch64-linux-gnu:/opt/ros/humble/lib:/usr/local/cuda-12.6/lib64 /usr/bin/cmake --install /home/bluelule/ugv_project/ros2_ws/build/zed_ros2
[1.806s] Level 1:colcon.colcon_core.environment:checking '/home/bluelule/ugv_project/ros2_ws/install/zed_ros2' for CMake config files
[1.806s] Level 1:colcon.colcon_core.shell:create_environment_hook('zed_ros2', 'cmake_prefix_path')
[1.807s] INFO:colcon.colcon_core.shell:Creating environment hook '/home/bluelule/ugv_project/ros2_ws/install/zed_ros2/share/zed_ros2/hook/cmake_prefix_path.ps1'
[1.809s] INFO:colcon.colcon_core.shell:Creating environment descriptor '/home/bluelule/ugv_project/ros2_ws/install/zed_ros2/share/zed_ros2/hook/cmake_prefix_path.dsv'
[1.810s] INFO:colcon.colcon_core.shell:Creating environment hook '/home/bluelule/ugv_project/ros2_ws/install/zed_ros2/share/zed_ros2/hook/cmake_prefix_path.sh'
[1.812s] Level 1:colcon.colcon_core.environment:checking '/home/bluelule/ugv_project/ros2_ws/install/zed_ros2/bin'
[1.813s] Level 1:colcon.colcon_core.environment:checking '/home/bluelule/ugv_project/ros2_ws/install/zed_ros2/lib/pkgconfig/zed_ros2.pc'
[1.814s] Level 1:colcon.colcon_core.environment:checking '/home/bluelule/ugv_project/ros2_ws/install/zed_ros2/lib/python3.10/site-packages'
[1.815s] Level 1:colcon.colcon_core.environment:checking '/home/bluelule/ugv_project/ros2_ws/install/zed_ros2/bin'
[1.816s] INFO:colcon.colcon_core.shell:Creating package script '/home/bluelule/ugv_project/ros2_ws/install/zed_ros2/share/zed_ros2/package.ps1'
[1.818s] INFO:colcon.colcon_core.shell:Creating package descriptor '/home/bluelule/ugv_project/ros2_ws/install/zed_ros2/share/zed_ros2/package.dsv'
[1.820s] INFO:colcon.colcon_core.shell:Creating package script '/home/bluelule/ugv_project/ros2_ws/install/zed_ros2/share/zed_ros2/package.sh'
[1.821s] INFO:colcon.colcon_core.shell:Creating package script '/home/bluelule/ugv_project/ros2_ws/install/zed_ros2/share/zed_ros2/package.bash'
[1.822s] INFO:colcon.colcon_core.shell:Creating package script '/home/bluelule/ugv_project/ros2_ws/install/zed_ros2/share/zed_ros2/package.zsh'
[1.824s] Level 1:colcon.colcon_core.environment:create_file_with_runtime_dependencies(/home/bluelule/ugv_project/ros2_ws/install/zed_ros2/share/colcon-core/packages/zed_ros2)
[1.826s] Level 1:colcon.colcon_core.environment:create_environment_scripts_only(zed_ros2)
[1.827s] Level 1:colcon.colcon_core.environment:checking '/home/bluelule/ugv_project/ros2_ws/install/zed_ros2' for CMake module files
[1.828s] Level 1:colcon.colcon_core.environment:checking '/home/bluelule/ugv_project/ros2_ws/install/zed_ros2' for CMake config files
[1.829s] Level 1:colcon.colcon_core.shell:create_environment_hook('zed_ros2', 'cmake_prefix_path')
[1.830s] INFO:colcon.colcon_core.shell:Creating environment hook '/home/bluelule/ugv_project/ros2_ws/install/zed_ros2/share/zed_ros2/hook/cmake_prefix_path.ps1'
[1.831s] INFO:colcon.colcon_core.shell:Creating environment descriptor '/home/bluelule/ugv_project/ros2_ws/install/zed_ros2/share/zed_ros2/hook/cmake_prefix_path.dsv'
[1.832s] INFO:colcon.colcon_core.shell:Creating environment hook '/home/bluelule/ugv_project/ros2_ws/install/zed_ros2/share/zed_ros2/hook/cmake_prefix_path.sh'
[1.834s] Level 1:colcon.colcon_core.environment:checking '/home/bluelule/ugv_project/ros2_ws/install/zed_ros2/bin'
[1.835s] Level 1:colcon.colcon_core.environment:checking '/home/bluelule/ugv_project/ros2_ws/install/zed_ros2/lib/pkgconfig/zed_ros2.pc'
[1.835s] Level 1:colcon.colcon_core.environment:checking '/home/bluelule/ugv_project/ros2_ws/install/zed_ros2/lib/python3.10/site-packages'
[1.837s] Level 1:colcon.colcon_core.environment:checking '/home/bluelule/ugv_project/ros2_ws/install/zed_ros2/bin'
[1.838s] INFO:colcon.colcon_core.shell:Creating package script '/home/bluelule/ugv_project/ros2_ws/install/zed_ros2/share/zed_ros2/package.ps1'
[1.840s] INFO:colcon.colcon_core.shell:Creating package descriptor '/home/bluelule/ugv_project/ros2_ws/install/zed_ros2/share/zed_ros2/package.dsv'
[1.841s] INFO:colcon.colcon_core.shell:Creating package script '/home/bluelule/ugv_project/ros2_ws/install/zed_ros2/share/zed_ros2/package.sh'
[1.843s] INFO:colcon.colcon_core.shell:Creating package script '/home/bluelule/ugv_project/ros2_ws/install/zed_ros2/share/zed_ros2/package.bash'
[1.844s] INFO:colcon.colcon_core.shell:Creating package script '/home/bluelule/ugv_project/ros2_ws/install/zed_ros2/share/zed_ros2/package.zsh'
[1.846s] Level 1:colcon.colcon_core.environment:create_file_with_runtime_dependencies(/home/bluelule/ugv_project/ros2_ws/install/zed_ros2/share/colcon-core/packages/zed_ros2)
[2.162s] DEBUG:colcon.colcon_core.event_handler.log_command:Invoking command in '/home/bluelule/ugv_project/ros2_ws/build/ugv_perception': PYTHONPATH=/home/bluelule/ugv_project/ros2_ws/build/ugv_perception/prefix_override:/usr/lib/python3/dist-packages/colcon_core/task/python/colcon_distutils_commands:/home/bluelule/ugv_project/ros2_ws/install/ugv_perception/lib/python3.10/site-packages:${PYTHONPATH} /usr/bin/python3 -W ignore:setup.py install is deprecated -W ignore:easy_install command is deprecated setup.py develop --editable --build-directory /home/bluelule/ugv_project/ros2_ws/build/ugv_perception/build --no-deps symlink_data
[3.140s] DEBUG:colcon.colcon_core.event_handler.log_command:Invoked command in '/home/bluelule/ugv_project/ros2_ws/build/rplidar_ros' returned '0': CMAKE_PREFIX_PATH=${CMAKE_PREFIX_PATH}:/home/bluelule/ugv_project/ros2_ws/install/ugv_perception:/opt/ros/humble /usr/bin/cmake /home/bluelule/ugv_project/ros2_ws/rplidar_ros -DAMENT_CMAKE_SYMLINK_INSTALL=1 -DCMAKE_INSTALL_PREFIX=/home/bluelule/ugv_project/ros2_ws/install/rplidar_ros
[3.144s] DEBUG:colcon.colcon_core.event_handler.log_command:Invoking command in '/home/bluelule/ugv_project/ros2_ws/build/rplidar_ros': CMAKE_PREFIX_PATH=${CMAKE_PREFIX_PATH}:/home/bluelule/ugv_project/ros2_ws/install/ugv_perception:/opt/ros/humble /usr/bin/cmake --build /home/bluelule/ugv_project/ros2_ws/build/rplidar_ros -- -j6 -l6
[3.153s] Level 1:colcon.colcon_core.shell:create_environment_hook('ugv_perception', 'pythonpath_develop')
[3.154s] INFO:colcon.colcon_core.shell:Creating environment hook '/home/bluelule/ugv_project/ros2_ws/build/ugv_perception/share/ugv_perception/hook/pythonpath_develop.ps1'
[3.155s] DEBUG:colcon.colcon_core.event_handler.log_command:Invoked command in '/home/bluelule/ugv_project/ros2_ws/build/ugv_perception' returned '0': PYTHONPATH=/home/bluelule/ugv_project/ros2_ws/build/ugv_perception/prefix_override:/usr/lib/python3/dist-packages/colcon_core/task/python/colcon_distutils_commands:/home/bluelule/ugv_project/ros2_ws/install/ugv_perception/lib/python3.10/site-packages:${PYTHONPATH} /usr/bin/python3 -W ignore:setup.py install is deprecated -W ignore:easy_install command is deprecated setup.py develop --editable --build-directory /home/bluelule/ugv_project/ros2_ws/build/ugv_perception/build --no-deps symlink_data
[3.157s] INFO:colcon.colcon_core.shell:Creating environment descriptor '/home/bluelule/ugv_project/ros2_ws/build/ugv_perception/share/ugv_perception/hook/pythonpath_develop.dsv'
[3.158s] INFO:colcon.colcon_core.shell:Creating environment hook '/home/bluelule/ugv_project/ros2_ws/build/ugv_perception/share/ugv_perception/hook/pythonpath_develop.sh'
[3.160s] Level 1:colcon.colcon_core.environment:checking '/home/bluelule/ugv_project/ros2_ws/install/ugv_perception' for CMake module files
[3.162s] Level 1:colcon.colcon_core.environment:checking '/home/bluelule/ugv_project/ros2_ws/install/ugv_perception' for CMake config files
[3.163s] Level 1:colcon.colcon_core.environment:checking '/home/bluelule/ugv_project/ros2_ws/install/ugv_perception/lib'
[3.163s] Level 1:colcon.colcon_core.environment:checking '/home/bluelule/ugv_project/ros2_ws/install/ugv_perception/bin'
[3.163s] Level 1:colcon.colcon_core.environment:checking '/home/bluelule/ugv_project/ros2_ws/install/ugv_perception/lib/pkgconfig/ugv_perception.pc'
[3.163s] Level 1:colcon.colcon_core.environment:checking '/home/bluelule/ugv_project/ros2_ws/install/ugv_perception/lib/python3.10/site-packages'
[3.163s] Level 1:colcon.colcon_core.shell:create_environment_hook('ugv_perception', 'pythonpath')
[3.164s] INFO:colcon.colcon_core.shell:Creating environment hook '/home/bluelule/ugv_project/ros2_ws/install/ugv_perception/share/ugv_perception/hook/pythonpath.ps1'
[3.166s] INFO:colcon.colcon_core.shell:Creating environment descriptor '/home/bluelule/ugv_project/ros2_ws/install/ugv_perception/share/ugv_perception/hook/pythonpath.dsv'
[3.167s] INFO:colcon.colcon_core.shell:Creating environment hook '/home/bluelule/ugv_project/ros2_ws/install/ugv_perception/share/ugv_perception/hook/pythonpath.sh'
[3.170s] Level 1:colcon.colcon_core.environment:checking '/home/bluelule/ugv_project/ros2_ws/install/ugv_perception/bin'
[3.170s] Level 1:colcon.colcon_core.environment:create_environment_scripts_only(ugv_perception)
[3.171s] INFO:colcon.colcon_core.shell:Creating package script '/home/bluelule/ugv_project/ros2_ws/install/ugv_perception/share/ugv_perception/package.ps1'
[3.173s] INFO:colcon.colcon_core.shell:Creating package descriptor '/home/bluelule/ugv_project/ros2_ws/install/ugv_perception/share/ugv_perception/package.dsv'
[3.175s] INFO:colcon.colcon_core.shell:Creating package script '/home/bluelule/ugv_project/ros2_ws/install/ugv_perception/share/ugv_perception/package.sh'
[3.177s] INFO:colcon.colcon_core.shell:Creating package script '/home/bluelule/ugv_project/ros2_ws/install/ugv_perception/share/ugv_perception/package.bash'
[3.178s] INFO:colcon.colcon_core.shell:Creating package script '/home/bluelule/ugv_project/ros2_ws/install/ugv_perception/share/ugv_perception/package.zsh'
[3.179s] Level 1:colcon.colcon_core.environment:create_file_with_runtime_dependencies(/home/bluelule/ugv_project/ros2_ws/install/ugv_perception/share/colcon-core/packages/ugv_perception)
[23.516s] DEBUG:colcon.colcon_core.event_handler.log_command:Invoked command in '/home/bluelule/ugv_project/ros2_ws/build/rplidar_ros' returned '0': CMAKE_PREFIX_PATH=${CMAKE_PREFIX_PATH}:/home/bluelule/ugv_project/ros2_ws/install/ugv_perception:/opt/ros/humble /usr/bin/cmake --build /home/bluelule/ugv_project/ros2_ws/build/rplidar_ros -- -j6 -l6
[23.521s] DEBUG:colcon.colcon_core.event_handler.log_command:Invoking command in '/home/bluelule/ugv_project/ros2_ws/build/rplidar_ros': CMAKE_PREFIX_PATH=${CMAKE_PREFIX_PATH}:/home/bluelule/ugv_project/ros2_ws/install/ugv_perception:/opt/ros/humble /usr/bin/cmake --install /home/bluelule/ugv_project/ros2_ws/build/rplidar_ros
[24.372s] Level 1:colcon.colcon_core.environment:create_environment_scripts_only(rplidar_ros)
[24.373s] Level 1:colcon.colcon_core.environment:checking '/home/bluelule/ugv_project/ros2_ws/install/rplidar_ros' for CMake module files
[24.375s] DEBUG:colcon.colcon_core.event_handler.log_command:Invoked command in '/home/bluelule/ugv_project/ros2_ws/build/rplidar_ros' returned '0': CMAKE_PREFIX_PATH=${CMAKE_PREFIX_PATH}:/home/bluelule/ugv_project/ros2_ws/install/ugv_perception:/opt/ros/humble /usr/bin/cmake --install /home/bluelule/ugv_project/ros2_ws/build/rplidar_ros
[24.377s] Level 1:colcon.colcon_core.environment:checking '/home/bluelule/ugv_project/ros2_ws/install/rplidar_ros' for CMake config files
[24.377s] Level 1:colcon.colcon_core.shell:create_environment_hook('rplidar_ros', 'cmake_prefix_path')
[24.378s] INFO:colcon.colcon_core.shell:Creating environment hook '/home/bluelule/ugv_project/ros2_ws/install/rplidar_ros/share/rplidar_ros/hook/cmake_prefix_path.ps1'
[24.380s] INFO:colcon.colcon_core.shell:Creating environment descriptor '/home/bluelule/ugv_project/ros2_ws/install/rplidar_ros/share/rplidar_ros/hook/cmake_prefix_path.dsv'
[24.381s] INFO:colcon.colcon_core.shell:Creating environment hook '/home/bluelule/ugv_project/ros2_ws/install/rplidar_ros/share/rplidar_ros/hook/cmake_prefix_path.sh'
[24.383s] Level 1:colcon.colcon_core.environment:checking '/home/bluelule/ugv_project/ros2_ws/install/rplidar_ros/lib'
[24.383s] Level 1:colcon.colcon_core.environment:checking '/home/bluelule/ugv_project/ros2_ws/install/rplidar_ros/bin'
[24.383s] Level 1:colcon.colcon_core.environment:checking '/home/bluelule/ugv_project/ros2_ws/install/rplidar_ros/lib/pkgconfig/rplidar_ros.pc'
[24.383s] Level 1:colcon.colcon_core.environment:checking '/home/bluelule/ugv_project/ros2_ws/install/rplidar_ros/lib/python3.10/site-packages'
[24.385s] Level 1:colcon.colcon_core.environment:checking '/home/bluelule/ugv_project/ros2_ws/install/rplidar_ros/bin'
[24.386s] INFO:colcon.colcon_core.shell:Creating package script '/home/bluelule/ugv_project/ros2_ws/install/rplidar_ros/share/rplidar_ros/package.ps1'
[24.387s] INFO:colcon.colcon_core.shell:Creating package descriptor '/home/bluelule/ugv_project/ros2_ws/install/rplidar_ros/share/rplidar_ros/package.dsv'
[24.389s] INFO:colcon.colcon_core.shell:Creating package script '/home/bluelule/ugv_project/ros2_ws/install/rplidar_ros/share/rplidar_ros/package.sh'
[24.390s] INFO:colcon.colcon_core.shell:Creating package script '/home/bluelule/ugv_project/ros2_ws/install/rplidar_ros/share/rplidar_ros/package.bash'
[24.391s] INFO:colcon.colcon_core.shell:Creating package script '/home/bluelule/ugv_project/ros2_ws/install/rplidar_ros/share/rplidar_ros/package.zsh'
[24.391s] Level 1:colcon.colcon_core.environment:create_file_with_runtime_dependencies(/home/bluelule/ugv_project/ros2_ws/install/rplidar_ros/share/colcon-core/packages/rplidar_ros)
[24.393s] Level 1:colcon.colcon_core.environment:create_environment_scripts_only(rplidar_ros)
[24.393s] Level 1:colcon.colcon_core.environment:checking '/home/bluelule/ugv_project/ros2_ws/install/rplidar_ros' for CMake module files
[24.395s] Level 1:colcon.colcon_core.environment:checking '/home/bluelule/ugv_project/ros2_ws/install/rplidar_ros' for CMake config files
[24.396s] Level 1:colcon.colcon_core.shell:create_environment_hook('rplidar_ros', 'cmake_prefix_path')
[24.397s] INFO:colcon.colcon_core.shell:Creating environment hook '/home/bluelule/ugv_project/ros2_ws/install/rplidar_ros/share/rplidar_ros/hook/cmake_prefix_path.ps1'
[24.398s] INFO:colcon.colcon_core.shell:Creating environment descriptor '/home/bluelule/ugv_project/ros2_ws/install/rplidar_ros/share/rplidar_ros/hook/cmake_prefix_path.dsv'
[24.399s] INFO:colcon.colcon_core.shell:Creating environment hook '/home/bluelule/ugv_project/ros2_ws/install/rplidar_ros/share/rplidar_ros/hook/cmake_prefix_path.sh'
[24.401s] Level 1:colcon.colcon_core.environment:checking '/home/bluelule/ugv_project/ros2_ws/install/rplidar_ros/lib'
[24.402s] Level 1:colcon.colcon_core.environment:checking '/home/bluelule/ugv_project/ros2_ws/install/rplidar_ros/bin'
[24.402s] Level 1:colcon.colcon_core.environment:checking '/home/bluelule/ugv_project/ros2_ws/install/rplidar_ros/lib/pkgconfig/rplidar_ros.pc'
[24.403s] Level 1:colcon.colcon_core.environment:checking '/home/bluelule/ugv_project/ros2_ws/install/rplidar_ros/lib/python3.10/site-packages'
[24.404s] Level 1:colcon.colcon_core.environment:checking '/home/bluelule/ugv_project/ros2_ws/install/rplidar_ros/bin'
[24.405s] INFO:colcon.colcon_core.shell:Creating package script '/home/bluelule/ugv_project/ros2_ws/install/rplidar_ros/share/rplidar_ros/package.ps1'
[24.407s] INFO:colcon.colcon_core.shell:Creating package descriptor '/home/bluelule/ugv_project/ros2_ws/install/rplidar_ros/share/rplidar_ros/package.dsv'
[24.409s] INFO:colcon.colcon_core.shell:Creating package script '/home/bluelule/ugv_project/ros2_ws/install/rplidar_ros/share/rplidar_ros/package.sh'
[24.411s] INFO:colcon.colcon_core.shell:Creating package script '/home/bluelule/ugv_project/ros2_ws/install/rplidar_ros/share/rplidar_ros/package.bash'
[24.412s] INFO:colcon.colcon_core.shell:Creating package script '/home/bluelule/ugv_project/ros2_ws/install/rplidar_ros/share/rplidar_ros/package.zsh'
[24.414s] Level 1:colcon.colcon_core.environment:create_file_with_runtime_dependencies(/home/bluelule/ugv_project/ros2_ws/install/rplidar_ros/share/colcon-core/packages/rplidar_ros)
[24.415s] DEBUG:colcon.colcon_parallel_executor.executor.parallel:closing loop
[24.417s] DEBUG:colcon.colcon_parallel_executor.executor.parallel:loop closed
[24.418s] DEBUG:colcon.colcon_parallel_executor.executor.parallel:run_until_complete finished with '0'
[24.418s] DEBUG:colcon.colcon_core.event_reactor:joining thread
[24.460s] INFO:colcon.colcon_core.plugin_system:Skipping extension 'colcon_notification.desktop_notification.terminal_notifier': Not used on non-Darwin systems
[24.461s] INFO:colcon.colcon_core.plugin_system:Skipping extension 'colcon_notification.desktop_notification.win32': Not used on non-Windows systems
[24.461s] INFO:colcon.colcon_notification.desktop_notification:Sending desktop notification using 'notify2'
[24.527s] DEBUG:colcon.colcon_core.event_reactor:joined thread
[24.528s] INFO:colcon.colcon_core.shell:Creating prefix script '/home/bluelule/ugv_project/ros2_ws/install/local_setup.ps1'
[24.532s] INFO:colcon.colcon_core.shell:Creating prefix util module '/home/bluelule/ugv_project/ros2_ws/install/_local_setup_util_ps1.py'
[24.537s] INFO:colcon.colcon_core.shell:Creating prefix chain script '/home/bluelule/ugv_project/ros2_ws/install/setup.ps1'
[24.541s] INFO:colcon.colcon_core.shell:Creating prefix script '/home/bluelule/ugv_project/ros2_ws/install/local_setup.sh'
[24.543s] INFO:colcon.colcon_core.shell:Creating prefix util module '/home/bluelule/ugv_project/ros2_ws/install/_local_setup_util_sh.py'
[24.545s] INFO:colcon.colcon_core.shell:Creating prefix chain script '/home/bluelule/ugv_project/ros2_ws/install/setup.sh'
[24.549s] INFO:colcon.colcon_core.shell:Creating prefix script '/home/bluelule/ugv_project/ros2_ws/install/local_setup.bash'
[24.550s] INFO:colcon.colcon_core.shell:Creating prefix chain script '/home/bluelule/ugv_project/ros2_ws/install/setup.bash'
[24.554s] INFO:colcon.colcon_core.shell:Creating prefix script '/home/bluelule/ugv_project/ros2_ws/install/local_setup.zsh'
[24.556s] INFO:colcon.colcon_core.shell:Creating prefix chain script '/home/bluelule/ugv_project/ros2_ws/install/setup.zsh'
