[0.019s] Invoking command in '/home/bluelule/ugv_project/ros2_ws/build/zed_ros2': CMAKE_PREFIX_PATH=/home/bluelule/ugv_project/ros2_ws/install/zed_wrapper:/home/bluelule/ugv_project/ros2_ws/install/zed_components:/home/bluelule/ugv_project/ros2_ws/install/zed_ros2:/home/bluelule/ugv_project/ros2_ws/install/ugv_perception:/opt/ros/humble LD_LIBRARY_PATH=/home/bluelule/ugv_project/ros2_ws/install/zed_components/lib:/opt/ros/humble/opt/rviz_ogre_vendor/lib:/opt/ros/humble/lib/aarch64-linux-gnu:/opt/ros/humble/lib:/usr/local/cuda-12.6/lib64 /usr/bin/cmake --build /home/bluelule/ugv_project/ros2_ws/build/zed_ros2 -- -j6 -l6
[0.110s] Invoked command in '/home/bluelule/ugv_project/ros2_ws/build/zed_ros2' returned '0': CMAKE_PREFIX_PATH=/home/bluelule/ugv_project/ros2_ws/install/zed_wrapper:/home/bluelule/ugv_project/ros2_ws/install/zed_components:/home/bluelule/ugv_project/ros2_ws/install/zed_ros2:/home/bluelule/ugv_project/ros2_ws/install/ugv_perception:/opt/ros/humble LD_LIBRARY_PATH=/home/bluelule/ugv_project/ros2_ws/install/zed_components/lib:/opt/ros/humble/opt/rviz_ogre_vendor/lib:/opt/ros/humble/lib/aarch64-linux-gnu:/opt/ros/humble/lib:/usr/local/cuda-12.6/lib64 /usr/bin/cmake --build /home/bluelule/ugv_project/ros2_ws/build/zed_ros2 -- -j6 -l6
[0.112s] Invoking command in '/home/bluelule/ugv_project/ros2_ws/build/zed_ros2': CMAKE_PREFIX_PATH=/home/bluelule/ugv_project/ros2_ws/install/zed_wrapper:/home/bluelule/ugv_project/ros2_ws/install/zed_components:/home/bluelule/ugv_project/ros2_ws/install/zed_ros2:/home/bluelule/ugv_project/ros2_ws/install/ugv_perception:/opt/ros/humble LD_LIBRARY_PATH=/home/bluelule/ugv_project/ros2_ws/install/zed_components/lib:/opt/ros/humble/opt/rviz_ogre_vendor/lib:/opt/ros/humble/lib/aarch64-linux-gnu:/opt/ros/humble/lib:/usr/local/cuda-12.6/lib64 /usr/bin/cmake --install /home/bluelule/ugv_project/ros2_ws/build/zed_ros2
[0.128s] -- Install configuration: "Release"
[0.129s] -- Execute custom install script
[0.129s] -- Up-to-date symlink: /home/bluelule/ugv_project/ros2_ws/install/zed_ros2/share/ament_index/resource_index/package_run_dependencies/zed_ros2
[0.131s] -- Up-to-date symlink: /home/bluelule/ugv_project/ros2_ws/install/zed_ros2/share/ament_index/resource_index/parent_prefix_path/zed_ros2
[0.131s] -- Up-to-date symlink: /home/bluelule/ugv_project/ros2_ws/install/zed_ros2/share/zed_ros2/environment/ament_prefix_path.sh
[0.131s] -- Up-to-date symlink: /home/bluelule/ugv_project/ros2_ws/install/zed_ros2/share/zed_ros2/environment/ament_prefix_path.dsv
[0.132s] -- Up-to-date symlink: /home/bluelule/ugv_project/ros2_ws/install/zed_ros2/share/zed_ros2/environment/path.sh
[0.132s] -- Up-to-date symlink: /home/bluelule/ugv_project/ros2_ws/install/zed_ros2/share/zed_ros2/environment/path.dsv
[0.133s] -- Up-to-date symlink: /home/bluelule/ugv_project/ros2_ws/install/zed_ros2/share/zed_ros2/local_setup.bash
[0.133s] -- Up-to-date symlink: /home/bluelule/ugv_project/ros2_ws/install/zed_ros2/share/zed_ros2/local_setup.sh
[0.133s] -- Up-to-date symlink: /home/bluelule/ugv_project/ros2_ws/install/zed_ros2/share/zed_ros2/local_setup.zsh
[0.134s] -- Up-to-date symlink: /home/bluelule/ugv_project/ros2_ws/install/zed_ros2/share/zed_ros2/local_setup.dsv
[0.134s] -- Symlinking: /home/bluelule/ugv_project/ros2_ws/install/zed_ros2/share/zed_ros2/package.dsv
[0.155s] -- Up-to-date symlink: /home/bluelule/ugv_project/ros2_ws/install/zed_ros2/share/ament_index/resource_index/packages/zed_ros2
[0.155s] -- Up-to-date symlink: /home/bluelule/ugv_project/ros2_ws/install/zed_ros2/share/zed_ros2/cmake/zed_ros2Config.cmake
[0.156s] -- Up-to-date symlink: /home/bluelule/ugv_project/ros2_ws/install/zed_ros2/share/zed_ros2/cmake/zed_ros2Config-version.cmake
[0.156s] -- Up-to-date symlink: /home/bluelule/ugv_project/ros2_ws/install/zed_ros2/share/zed_ros2/package.xml
[0.162s] Invoked command in '/home/bluelule/ugv_project/ros2_ws/build/zed_ros2' returned '0': CMAKE_PREFIX_PATH=/home/bluelule/ugv_project/ros2_ws/install/zed_wrapper:/home/bluelule/ugv_project/ros2_ws/install/zed_components:/home/bluelule/ugv_project/ros2_ws/install/zed_ros2:/home/bluelule/ugv_project/ros2_ws/install/ugv_perception:/opt/ros/humble LD_LIBRARY_PATH=/home/bluelule/ugv_project/ros2_ws/install/zed_components/lib:/opt/ros/humble/opt/rviz_ogre_vendor/lib:/opt/ros/humble/lib/aarch64-linux-gnu:/opt/ros/humble/lib:/usr/local/cuda-12.6/lib64 /usr/bin/cmake --install /home/bluelule/ugv_project/ros2_ws/build/zed_ros2
