[0.029s] Invoking command in '/home/bluelule/ugv_project/ros2_ws/build/zed_components': CMAKE_PREFIX_PATH=${CMAKE_PREFIX_PATH}:/home/bluelule/ugv_project/ros2_ws/install/ugv_perception:/opt/ros/humble /usr/bin/cmake --build /home/bluelule/ugv_project/ros2_ws/build/zed_components -- -j6 -l6
[0.217s] [100%] Built target zed_camera_one_component
[0.217s] [100%] Built target zed_camera_component
[0.574s] Invoked command in '/home/bluelule/ugv_project/ros2_ws/build/zed_components' returned '0': CMAKE_PREFIX_PATH=${CMAKE_PREFIX_PATH}:/home/bluelule/ugv_project/ros2_ws/install/ugv_perception:/opt/ros/humble /usr/bin/cmake --build /home/bluelule/ugv_project/ros2_ws/build/zed_components -- -j6 -l6
[0.598s] Invoking command in '/home/bluelule/ugv_project/ros2_ws/build/zed_components': CMAKE_PREFIX_PATH=${CMAKE_PREFIX_PATH}:/home/bluelule/ugv_project/ros2_ws/install/ugv_perception:/opt/ros/humble /usr/bin/cmake --install /home/bluelule/ugv_project/ros2_ws/build/zed_components
[0.616s] -- Install configuration: "Release"
[0.617s] -- Execute custom install script
[0.618s] -- Up-to-date symlink: /home/bluelule/ugv_project/ros2_ws/install/zed_components/lib/libzed_camera_component.so
[0.618s] -- Up-to-date symlink: /home/bluelule/ugv_project/ros2_ws/install/zed_components/lib/libzed_camera_one_component.so
[0.619s] -- Up-to-date symlink: /home/bluelule/ugv_project/ros2_ws/install/zed_components/include/zed_components//cost_traversability.hpp
[0.621s] -- Up-to-date symlink: /home/bluelule/ugv_project/ros2_ws/install/zed_components/include/zed_components//zed_camera_component.hpp
[0.621s] -- Up-to-date symlink: /home/bluelule/ugv_project/ros2_ws/install/zed_components/include/zed_components//gnss_replay.hpp
[0.621s] -- Up-to-date symlink: /home/bluelule/ugv_project/ros2_ws/install/zed_components/include/zed_components//json.hpp
[0.622s] -- Up-to-date symlink: /home/bluelule/ugv_project/ros2_ws/install/zed_components/include/zed_components//sl_logging.hpp
[0.622s] -- Up-to-date symlink: /home/bluelule/ugv_project/ros2_ws/install/zed_components/include/zed_components//sl_tools.hpp
[0.622s] -- Up-to-date symlink: /home/bluelule/ugv_project/ros2_ws/install/zed_components/include/zed_components//sl_types.hpp
[0.622s] -- Up-to-date symlink: /home/bluelule/ugv_project/ros2_ws/install/zed_components/include/zed_components//sl_win_avg.hpp
[0.623s] -- Up-to-date symlink: /home/bluelule/ugv_project/ros2_ws/install/zed_components/include/zed_components//sl_version.hpp
[0.623s] -- Up-to-date symlink: /home/bluelule/ugv_project/ros2_ws/install/zed_components/include/zed_components//visibility_control.hpp
[0.624s] -- Up-to-date symlink: /home/bluelule/ugv_project/ros2_ws/install/zed_components/share/zed_components/environment/library_path.sh
[0.624s] -- Up-to-date symlink: /home/bluelule/ugv_project/ros2_ws/install/zed_components/share/zed_components/environment/library_path.dsv
[0.625s] -- Up-to-date symlink: /home/bluelule/ugv_project/ros2_ws/install/zed_components/share/ament_index/resource_index/package_run_dependencies/zed_components
[0.625s] -- Up-to-date symlink: /home/bluelule/ugv_project/ros2_ws/install/zed_components/share/ament_index/resource_index/parent_prefix_path/zed_components
[0.626s] -- Up-to-date symlink: /home/bluelule/ugv_project/ros2_ws/install/zed_components/share/zed_components/environment/ament_prefix_path.sh
[0.626s] -- Up-to-date symlink: /home/bluelule/ugv_project/ros2_ws/install/zed_components/share/zed_components/environment/ament_prefix_path.dsv
[0.626s] -- Up-to-date symlink: /home/bluelule/ugv_project/ros2_ws/install/zed_components/share/zed_components/environment/path.sh
[0.626s] -- Up-to-date symlink: /home/bluelule/ugv_project/ros2_ws/install/zed_components/share/zed_components/environment/path.dsv
[0.627s] -- Up-to-date symlink: /home/bluelule/ugv_project/ros2_ws/install/zed_components/share/zed_components/local_setup.bash
[0.627s] -- Up-to-date symlink: /home/bluelule/ugv_project/ros2_ws/install/zed_components/share/zed_components/local_setup.sh
[0.627s] -- Up-to-date symlink: /home/bluelule/ugv_project/ros2_ws/install/zed_components/share/zed_components/local_setup.zsh
[0.628s] -- Up-to-date symlink: /home/bluelule/ugv_project/ros2_ws/install/zed_components/share/zed_components/local_setup.dsv
[0.628s] -- Symlinking: /home/bluelule/ugv_project/ros2_ws/install/zed_components/share/zed_components/package.dsv
[0.648s] -- Up-to-date symlink: /home/bluelule/ugv_project/ros2_ws/install/zed_components/share/ament_index/resource_index/packages/zed_components
[0.649s] -- Up-to-date symlink: /home/bluelule/ugv_project/ros2_ws/install/zed_components/share/ament_index/resource_index/rclcpp_components/zed_components
[0.649s] -- Up-to-date symlink: /home/bluelule/ugv_project/ros2_ws/install/zed_components/share/zed_components/cmake/ament_cmake_export_include_directories-extras.cmake
[0.649s] -- Up-to-date symlink: /home/bluelule/ugv_project/ros2_ws/install/zed_components/share/zed_components/cmake/ament_cmake_export_libraries-extras.cmake
[0.649s] -- Up-to-date symlink: /home/bluelule/ugv_project/ros2_ws/install/zed_components/share/zed_components/cmake/ament_cmake_export_dependencies-extras.cmake
[0.650s] -- Up-to-date symlink: /home/bluelule/ugv_project/ros2_ws/install/zed_components/share/zed_components/cmake/zed_componentsConfig.cmake
[0.650s] -- Up-to-date symlink: /home/bluelule/ugv_project/ros2_ws/install/zed_components/share/zed_components/cmake/zed_componentsConfig-version.cmake
[0.650s] -- Up-to-date symlink: /home/bluelule/ugv_project/ros2_ws/install/zed_components/share/zed_components/package.xml
[0.656s] Invoked command in '/home/bluelule/ugv_project/ros2_ws/build/zed_components' returned '0': CMAKE_PREFIX_PATH=${CMAKE_PREFIX_PATH}:/home/bluelule/ugv_project/ros2_ws/install/ugv_perception:/opt/ros/humble /usr/bin/cmake --install /home/bluelule/ugv_project/ros2_ws/build/zed_components
